        V1       V2        V3        V4  target
0 -1.38850  12.5026   0.69118 -7.548700       0
1  2.77440   6.8576  -1.06710  0.075416       0
2 -4.28870  -7.8633  11.83870 -1.897800       1
3  5.35860   3.7557  -1.73450  1.078900       0
4  0.75736   3.0294   2.91640 -0.068117       0
count    1097.000000
mean        0.440292
std         0.496649
min         0.000000
25%         0.000000
50%         0.000000
75%         1.000000
max         1.000000
Name: target, dtype: float64
0    0
1    0
2    0
3    0
4    0
Name: target, dtype: int64
{'accuracy': 1.0, 'balanced_accuracy': 1.0, 'mcc': 1.0, 'roc_auc': 1.0, 'f1': 1.0, 'precision': 1.0, 'recall': 1.0}
