  checking_status  duration  ... foreign_worker target
0              <0        60  ...            yes      0
1           >=200        21  ...            yes      0
2     no checking         6  ...            yes      1
3     no checking        21  ...            yes      0
4     no checking        12  ...            yes      1

[5 rows x 21 columns]
count    800.000000
mean       0.698750
std        0.459088
min        0.000000
25%        0.000000
50%        1.000000
75%        1.000000
max        1.000000
Name: target, dtype: float64
0    1
1    1
2    0
3    1
4    1
Name: target, dtype: int64
{'accuracy': 0.795, 'balanced_accuracy': 0.7018271426854189, 'mcc': 0.46924086216396205, 'roc_auc': 0.8275033056857796, 'f1': 0.8646864686468646, 'precision': 0.808641975308642, 'recall': 0.9290780141843972}
