    a0   a1   a2   a3   a4   a5  ...  a3067  a3068  a3069  a3070  a3071  target
0  236  237  240  242  241  241  ...     82     76     98    104    107       7
1  254  251  252  252  252  252  ...    254    254    254    254    254       1
2  127  107  107  108  114  137  ...    114    113    117    119    120       1
3  205  204  206  205  204  204  ...    151    152    155    161    161       5
4   63   49   41   35   40   43  ...      7     14     43     71     72       2

[5 rows x 3073 columns]
count    999.000000
mean       4.459459
std        2.815664
min        0.000000
25%        2.000000
50%        4.000000
75%        7.000000
max        9.000000
Name: target, dtype: float64
0    8
1    0
2    9
3    4
4    8
Name: target, dtype: int64
{'accuracy': 0.39357429718875503, 'balanced_accuracy': 0.3858773181327529, 'mcc': 0.32627264604441025}
