
Predicting: 0it [00:00, ?it/s]
Predicting:   0%|          | 0/989 [00:00<?, ?it/s]
Predicting DataLoader 0:   0%|          | 0/989 [00:00<?, ?it/s]
Predicting DataLoader 0:   0%|          | 1/989 [00:00<00:45, 21.94it/s]
Predicting DataLoader 0:   0%|          | 2/989 [00:00<00:42, 23.26it/s]
Predicting DataLoader 0:   0%|          | 3/989 [00:00<00:39, 24.84it/s]
Predicting DataLoader 0:   0%|          | 4/989 [00:00<00:37, 26.04it/s]
Predicting DataLoader 0:   1%|          | 5/989 [00:00<00:37, 26.49it/s]
Predicting DataLoader 0:   1%|          | 6/989 [00:00<00:36, 27.24it/s]
Predicting DataLoader 0:   1%|          | 7/989 [00:00<00:36, 26.95it/s]
Predicting DataLoader 0:   1%|          | 8/989 [00:00<00:36, 26.79it/s]
Predicting DataLoader 0:   1%|          | 9/989 [00:00<00:36, 27.18it/s]
Predicting DataLoader 0:   1%|          | 10/989 [00:00<00:35, 27.58it/s]
Predicting DataLoader 0:   1%|          | 11/989 [00:00<00:35, 27.93it/s]
Predicting DataLoader 0:   1%|          | 12/989 [00:00<00:34, 27.95it/s]
Predicting DataLoader 0:   1%|▏         | 13/989 [00:00<00:35, 27.67it/s]
Predicting DataLoader 0:   1%|▏         | 14/989 [00:00<00:34, 28.03it/s]
Predicting DataLoader 0:   2%|▏         | 15/989 [00:00<00:42, 22.84it/s]
Predicting DataLoader 0:   2%|▏         | 16/989 [00:00<00:41, 23.26it/s]
Predicting DataLoader 0:   2%|▏         | 17/989 [00:00<00:41, 23.65it/s]
Predicting DataLoader 0:   2%|▏         | 18/989 [00:00<00:41, 23.68it/s]
Predicting DataLoader 0:   2%|▏         | 19/989 [00:00<00:40, 24.11it/s]
Predicting DataLoader 0:   2%|▏         | 20/989 [00:00<00:39, 24.30it/s]
Predicting DataLoader 0:   2%|▏         | 21/989 [00:00<00:39, 24.40it/s]
Predicting DataLoader 0:   2%|▏         | 22/989 [00:00<00:39, 24.42it/s]
Predicting DataLoader 0:   2%|▏         | 23/989 [00:00<00:39, 24.45it/s]
Predicting DataLoader 0:   2%|▏         | 24/989 [00:00<00:39, 24.65it/s]
Predicting DataLoader 0:   3%|▎         | 25/989 [00:01<00:39, 24.65it/s]
Predicting DataLoader 0:   3%|▎         | 26/989 [00:01<00:39, 24.66it/s]
Predicting DataLoader 0:   3%|▎         | 27/989 [00:01<00:39, 24.67it/s]
Predicting DataLoader 0:   3%|▎         | 28/989 [00:01<00:38, 24.67it/s]
Predicting DataLoader 0:   3%|▎         | 29/989 [00:01<00:38, 24.80it/s]
Predicting DataLoader 0:   3%|▎         | 30/989 [00:01<00:38, 25.03it/s]
Predicting DataLoader 0:   3%|▎         | 31/989 [00:01<00:38, 25.16it/s]
Predicting DataLoader 0:   3%|▎         | 32/989 [00:01<00:37, 25.22it/s]
Predicting DataLoader 0:   3%|▎         | 33/989 [00:01<00:37, 25.21it/s]
Predicting DataLoader 0:   3%|▎         | 34/989 [00:01<00:37, 25.34it/s]
Predicting DataLoader 0:   4%|▎         | 35/989 [00:01<00:37, 25.36it/s]
Predicting DataLoader 0:   4%|▎         | 36/989 [00:01<00:37, 25.53it/s]
Predicting DataLoader 0:   4%|▎         | 37/989 [00:01<00:37, 25.58it/s]
Predicting DataLoader 0:   4%|▍         | 38/989 [00:01<00:36, 25.71it/s]
Predicting DataLoader 0:   4%|▍         | 39/989 [00:01<00:36, 25.85it/s]
Predicting DataLoader 0:   4%|▍         | 40/989 [00:01<00:36, 26.05it/s]
Predicting DataLoader 0:   4%|▍         | 41/989 [00:01<00:36, 26.07it/s]
Predicting DataLoader 0:   4%|▍         | 42/989 [00:01<00:36, 26.14it/s]
Predicting DataLoader 0:   4%|▍         | 43/989 [00:01<00:36, 26.11it/s]
Predicting DataLoader 0:   4%|▍         | 44/989 [00:01<00:36, 26.16it/s]
Predicting DataLoader 0:   5%|▍         | 45/989 [00:01<00:35, 26.24it/s]
Predicting DataLoader 0:   5%|▍         | 46/989 [00:01<00:35, 26.40it/s]
Predicting DataLoader 0:   5%|▍         | 47/989 [00:01<00:35, 26.37it/s]
Predicting DataLoader 0:   5%|▍         | 48/989 [00:01<00:35, 26.34it/s]
Predicting DataLoader 0:   5%|▍         | 49/989 [00:01<00:35, 26.31it/s]
Predicting DataLoader 0:   5%|▌         | 50/989 [00:01<00:35, 26.41it/s]
Predicting DataLoader 0:   5%|▌         | 51/989 [00:01<00:35, 26.39it/s]
Predicting DataLoader 0:   5%|▌         | 52/989 [00:01<00:35, 26.49it/s]
Predicting DataLoader 0:   5%|▌         | 53/989 [00:01<00:35, 26.51it/s]
Predicting DataLoader 0:   5%|▌         | 54/989 [00:02<00:35, 26.53it/s]
Predicting DataLoader 0:   6%|▌         | 55/989 [00:02<00:35, 26.57it/s]
Predicting DataLoader 0:   6%|▌         | 56/989 [00:02<00:35, 26.65it/s]
Predicting DataLoader 0:   6%|▌         | 57/989 [00:02<00:34, 26.77it/s]
Predicting DataLoader 0:   6%|▌         | 58/989 [00:02<00:34, 26.90it/s]
Predicting DataLoader 0:   6%|▌         | 59/989 [00:02<00:34, 26.87it/s]
Predicting DataLoader 0:   6%|▌         | 60/989 [00:02<00:34, 26.94it/s]
Predicting DataLoader 0:   6%|▌         | 61/989 [00:02<00:34, 27.03it/s]
Predicting DataLoader 0:   6%|▋         | 62/989 [00:02<00:34, 27.00it/s]
Predicting DataLoader 0:   6%|▋         | 63/989 [00:02<00:34, 27.02it/s]
Predicting DataLoader 0:   6%|▋         | 64/989 [00:02<00:34, 27.11it/s]
Predicting DataLoader 0:   7%|▋         | 65/989 [00:02<00:34, 27.13it/s]
Predicting DataLoader 0:   7%|▋         | 66/989 [00:02<00:33, 27.18it/s]
Predicting DataLoader 0:   7%|▋         | 67/989 [00:02<00:33, 27.22it/s]
Predicting DataLoader 0:   7%|▋         | 68/989 [00:02<00:33, 27.29it/s]
Predicting DataLoader 0:   7%|▋         | 69/989 [00:02<00:33, 27.34it/s]
Predicting DataLoader 0:   7%|▋         | 70/989 [00:02<00:33, 27.37it/s]
Predicting DataLoader 0:   7%|▋         | 71/989 [00:02<00:33, 27.43it/s]
Predicting DataLoader 0:   7%|▋         | 72/989 [00:02<00:33, 27.50it/s]
Predicting DataLoader 0:   7%|▋         | 73/989 [00:02<00:33, 27.56it/s]
Predicting DataLoader 0:   7%|▋         | 74/989 [00:02<00:33, 27.65it/s]
Predicting DataLoader 0:   8%|▊         | 75/989 [00:02<00:33, 27.67it/s]
Predicting DataLoader 0:   8%|▊         | 76/989 [00:02<00:32, 27.69it/s]
Predicting DataLoader 0:   8%|▊         | 77/989 [00:02<00:32, 27.67it/s]
Predicting DataLoader 0:   8%|▊         | 78/989 [00:02<00:32, 27.65it/s]
Predicting DataLoader 0:   8%|▊         | 79/989 [00:02<00:32, 27.66it/s]
Predicting DataLoader 0:   8%|▊         | 80/989 [00:02<00:32, 27.70it/s]
Predicting DataLoader 0:   8%|▊         | 81/989 [00:02<00:32, 27.72it/s]
Predicting DataLoader 0:   8%|▊         | 82/989 [00:02<00:32, 27.75it/s]
Predicting DataLoader 0:   8%|▊         | 83/989 [00:02<00:32, 27.72it/s]
Predicting DataLoader 0:   8%|▊         | 84/989 [00:03<00:32, 27.74it/s]
Predicting DataLoader 0:   9%|▊         | 85/989 [00:03<00:32, 27.74it/s]
Predicting DataLoader 0:   9%|▊         | 86/989 [00:03<00:32, 27.77it/s]
Predicting DataLoader 0:   9%|▉         | 87/989 [00:03<00:32, 27.77it/s]
Predicting DataLoader 0:   9%|▉         | 88/989 [00:03<00:32, 27.73it/s]
Predicting DataLoader 0:   9%|▉         | 89/989 [00:03<00:32, 27.78it/s]
Predicting DataLoader 0:   9%|▉         | 90/989 [00:03<00:32, 27.81it/s]
Predicting DataLoader 0:   9%|▉         | 91/989 [00:03<00:32, 27.80it/s]
Predicting DataLoader 0:   9%|▉         | 92/989 [00:03<00:32, 27.79it/s]
Predicting DataLoader 0:   9%|▉         | 93/989 [00:03<00:32, 27.76it/s]
Predicting DataLoader 0:  10%|▉         | 94/989 [00:03<00:32, 27.80it/s]
Predicting DataLoader 0:  10%|▉         | 95/989 [00:03<00:32, 27.81it/s]
Predicting DataLoader 0:  10%|▉         | 96/989 [00:03<00:32, 27.85it/s]
Predicting DataLoader 0:  10%|▉         | 97/989 [00:03<00:31, 27.89it/s]
Predicting DataLoader 0:  10%|▉         | 98/989 [00:03<00:31, 27.94it/s]
Predicting DataLoader 0:  10%|█         | 99/989 [00:03<00:31, 27.97it/s]
Predicting DataLoader 0:  10%|█         | 100/989 [00:03<00:31, 27.98it/s]
Predicting DataLoader 0:  10%|█         | 101/989 [00:03<00:31, 28.01it/s]
Predicting DataLoader 0:  10%|█         | 102/989 [00:03<00:31, 28.01it/s]
Predicting DataLoader 0:  10%|█         | 103/989 [00:03<00:31, 28.03it/s]
Predicting DataLoader 0:  11%|█         | 104/989 [00:03<00:31, 28.02it/s]
Predicting DataLoader 0:  11%|█         | 105/989 [00:03<00:31, 28.06it/s]
Predicting DataLoader 0:  11%|█         | 106/989 [00:03<00:31, 28.02it/s]
Predicting DataLoader 0:  11%|█         | 107/989 [00:03<00:31, 28.04it/s]
Predicting DataLoader 0:  11%|█         | 108/989 [00:03<00:31, 28.06it/s]
Predicting DataLoader 0:  11%|█         | 109/989 [00:03<00:31, 28.08it/s]
Predicting DataLoader 0:  11%|█         | 110/989 [00:03<00:31, 28.05it/s]
Predicting DataLoader 0:  11%|█         | 111/989 [00:03<00:31, 28.08it/s]
Predicting DataLoader 0:  11%|█▏        | 112/989 [00:03<00:31, 28.07it/s]
Predicting DataLoader 0:  11%|█▏        | 113/989 [00:04<00:31, 28.07it/s]
Predicting DataLoader 0:  12%|█▏        | 114/989 [00:04<00:31, 28.13it/s]
Predicting DataLoader 0:  12%|█▏        | 115/989 [00:04<00:31, 28.11it/s]
Predicting DataLoader 0:  12%|█▏        | 116/989 [00:04<00:31, 28.11it/s]
Predicting DataLoader 0:  12%|█▏        | 117/989 [00:04<00:31, 28.11it/s]
Predicting DataLoader 0:  12%|█▏        | 118/989 [00:04<00:30, 28.12it/s]
Predicting DataLoader 0:  12%|█▏        | 119/989 [00:04<00:30, 28.16it/s]
Predicting DataLoader 0:  12%|█▏        | 120/989 [00:04<00:30, 28.19it/s]
Predicting DataLoader 0:  12%|█▏        | 121/989 [00:04<00:30, 28.17it/s]
Predicting DataLoader 0:  12%|█▏        | 122/989 [00:04<00:30, 28.20it/s]
Predicting DataLoader 0:  12%|█▏        | 123/989 [00:04<00:30, 28.18it/s]
Predicting DataLoader 0:  13%|█▎        | 124/989 [00:04<00:30, 28.15it/s]
Predicting DataLoader 0:  13%|█▎        | 125/989 [00:04<00:30, 28.12it/s]
Predicting DataLoader 0:  13%|█▎        | 126/989 [00:04<00:30, 28.15it/s]
Predicting DataLoader 0:  13%|█▎        | 127/989 [00:04<00:30, 28.13it/s]
Predicting DataLoader 0:  13%|█▎        | 128/989 [00:04<00:30, 28.13it/s]
Predicting DataLoader 0:  13%|█▎        | 129/989 [00:04<00:30, 28.11it/s]
Predicting DataLoader 0:  13%|█▎        | 130/989 [00:04<00:30, 28.10it/s]
Predicting DataLoader 0:  13%|█▎        | 131/989 [00:04<00:30, 28.10it/s]
Predicting DataLoader 0:  13%|█▎        | 132/989 [00:04<00:30, 28.07it/s]
Predicting DataLoader 0:  13%|█▎        | 133/989 [00:04<00:30, 28.05it/s]
Predicting DataLoader 0:  14%|█▎        | 134/989 [00:04<00:30, 28.09it/s]
Predicting DataLoader 0:  14%|█▎        | 135/989 [00:04<00:30, 28.11it/s]
Predicting DataLoader 0:  14%|█▍        | 136/989 [00:04<00:30, 28.09it/s]
Predicting DataLoader 0:  14%|█▍        | 137/989 [00:04<00:30, 28.12it/s]
Predicting DataLoader 0:  14%|█▍        | 138/989 [00:04<00:30, 28.14it/s]
Predicting DataLoader 0:  14%|█▍        | 139/989 [00:04<00:30, 28.17it/s]
Predicting DataLoader 0:  14%|█▍        | 140/989 [00:04<00:30, 28.14it/s]
Predicting DataLoader 0:  14%|█▍        | 141/989 [00:05<00:30, 28.13it/s]
Predicting DataLoader 0:  14%|█▍        | 142/989 [00:05<00:30, 28.15it/s]
Predicting DataLoader 0:  14%|█▍        | 143/989 [00:05<00:30, 28.14it/s]
Predicting DataLoader 0:  15%|█▍        | 144/989 [00:05<00:30, 28.16it/s]
Predicting DataLoader 0:  15%|█▍        | 145/989 [00:05<00:29, 28.16it/s]
Predicting DataLoader 0:  15%|█▍        | 146/989 [00:05<00:29, 28.14it/s]
Predicting DataLoader 0:  15%|█▍        | 147/989 [00:05<00:29, 28.15it/s]
Predicting DataLoader 0:  15%|█▍        | 148/989 [00:05<00:29, 28.17it/s]
Predicting DataLoader 0:  15%|█▌        | 149/989 [00:05<00:29, 28.18it/s]
Predicting DataLoader 0:  15%|█▌        | 150/989 [00:05<00:29, 28.20it/s]
Predicting DataLoader 0:  15%|█▌        | 151/989 [00:05<00:29, 28.21it/s]
Predicting DataLoader 0:  15%|█▌        | 152/989 [00:05<00:29, 28.22it/s]
Predicting DataLoader 0:  15%|█▌        | 153/989 [00:05<00:29, 28.24it/s]
Predicting DataLoader 0:  16%|█▌        | 154/989 [00:05<00:29, 28.24it/s]
Predicting DataLoader 0:  16%|█▌        | 155/989 [00:05<00:29, 28.22it/s]
Predicting DataLoader 0:  16%|█▌        | 156/989 [00:05<00:29, 28.24it/s]
Predicting DataLoader 0:  16%|█▌        | 157/989 [00:05<00:29, 28.27it/s]
Predicting DataLoader 0:  16%|█▌        | 158/989 [00:05<00:29, 28.27it/s]
Predicting DataLoader 0:  16%|█▌        | 159/989 [00:05<00:29, 28.25it/s]
Predicting DataLoader 0:  16%|█▌        | 160/989 [00:05<00:29, 28.23it/s]
Predicting DataLoader 0:  16%|█▋        | 161/989 [00:05<00:29, 28.22it/s]
Predicting DataLoader 0:  16%|█▋        | 162/989 [00:05<00:29, 28.25it/s]
Predicting DataLoader 0:  16%|█▋        | 163/989 [00:05<00:29, 28.27it/s]
Predicting DataLoader 0:  17%|█▋        | 164/989 [00:05<00:29, 28.29it/s]
Predicting DataLoader 0:  17%|█▋        | 165/989 [00:05<00:29, 28.27it/s]
Predicting DataLoader 0:  17%|█▋        | 166/989 [00:05<00:29, 28.25it/s]
Predicting DataLoader 0:  17%|█▋        | 167/989 [00:05<00:29, 28.25it/s]
Predicting DataLoader 0:  17%|█▋        | 168/989 [00:05<00:29, 28.24it/s]
Predicting DataLoader 0:  17%|█▋        | 169/989 [00:05<00:29, 28.24it/s]
Predicting DataLoader 0:  17%|█▋        | 170/989 [00:06<00:29, 28.22it/s]
Predicting DataLoader 0:  17%|█▋        | 171/989 [00:06<00:28, 28.23it/s]
Predicting DataLoader 0:  17%|█▋        | 172/989 [00:06<00:28, 28.25it/s]
Predicting DataLoader 0:  17%|█▋        | 173/989 [00:06<00:28, 28.29it/s]
Predicting DataLoader 0:  18%|█▊        | 174/989 [00:06<00:28, 28.27it/s]
Predicting DataLoader 0:  18%|█▊        | 175/989 [00:06<00:28, 28.25it/s]
Predicting DataLoader 0:  18%|█▊        | 176/989 [00:06<00:28, 28.26it/s]
Predicting DataLoader 0:  18%|█▊        | 177/989 [00:06<00:28, 28.28it/s]
Predicting DataLoader 0:  18%|█▊        | 178/989 [00:06<00:28, 28.30it/s]
Predicting DataLoader 0:  18%|█▊        | 179/989 [00:06<00:28, 28.33it/s]
Predicting DataLoader 0:  18%|█▊        | 180/989 [00:06<00:28, 28.35it/s]
Predicting DataLoader 0:  18%|█▊        | 181/989 [00:06<00:28, 28.33it/s]
Predicting DataLoader 0:  18%|█▊        | 182/989 [00:06<00:28, 28.30it/s]
Predicting DataLoader 0:  19%|█▊        | 183/989 [00:06<00:28, 28.31it/s]
Predicting DataLoader 0:  19%|█▊        | 184/989 [00:06<00:28, 28.29it/s]
Predicting DataLoader 0:  19%|█▊        | 185/989 [00:06<00:28, 28.27it/s]
Predicting DataLoader 0:  19%|█▉        | 186/989 [00:06<00:28, 28.25it/s]
Predicting DataLoader 0:  19%|█▉        | 187/989 [00:06<00:28, 28.27it/s]
Predicting DataLoader 0:  19%|█▉        | 188/989 [00:06<00:28, 28.26it/s]
Predicting DataLoader 0:  19%|█▉        | 189/989 [00:06<00:28, 28.27it/s]
Predicting DataLoader 0:  19%|█▉        | 190/989 [00:06<00:28, 28.30it/s]
Predicting DataLoader 0:  19%|█▉        | 191/989 [00:06<00:28, 28.28it/s]
Predicting DataLoader 0:  19%|█▉        | 192/989 [00:06<00:28, 28.28it/s]
Predicting DataLoader 0:  20%|█▉        | 193/989 [00:06<00:28, 28.29it/s]
Predicting DataLoader 0:  20%|█▉        | 194/989 [00:06<00:28, 28.27it/s]
Predicting DataLoader 0:  20%|█▉        | 195/989 [00:06<00:28, 28.27it/s]
Predicting DataLoader 0:  20%|█▉        | 196/989 [00:06<00:28, 28.26it/s]
Predicting DataLoader 0:  20%|█▉        | 197/989 [00:06<00:28, 28.26it/s]
Predicting DataLoader 0:  20%|██        | 198/989 [00:07<00:27, 28.26it/s]
Predicting DataLoader 0:  20%|██        | 199/989 [00:07<00:27, 28.26it/s]
Predicting DataLoader 0:  20%|██        | 200/989 [00:07<00:27, 28.25it/s]
Predicting DataLoader 0:  20%|██        | 201/989 [00:07<00:27, 28.24it/s]
Predicting DataLoader 0:  20%|██        | 202/989 [00:07<00:27, 28.24it/s]
Predicting DataLoader 0:  21%|██        | 203/989 [00:07<00:27, 28.24it/s]
Predicting DataLoader 0:  21%|██        | 204/989 [00:07<00:27, 28.26it/s]
Predicting DataLoader 0:  21%|██        | 205/989 [00:07<00:27, 28.28it/s]
Predicting DataLoader 0:  21%|██        | 206/989 [00:07<00:27, 28.27it/s]
Predicting DataLoader 0:  21%|██        | 207/989 [00:07<00:27, 28.25it/s]
Predicting DataLoader 0:  21%|██        | 208/989 [00:07<00:27, 28.24it/s]
Predicting DataLoader 0:  21%|██        | 209/989 [00:07<00:27, 28.24it/s]
Predicting DataLoader 0:  21%|██        | 210/989 [00:07<00:27, 28.27it/s]
Predicting DataLoader 0:  21%|██▏       | 211/989 [00:07<00:27, 28.26it/s]
Predicting DataLoader 0:  21%|██▏       | 212/989 [00:07<00:27, 28.26it/s]
Predicting DataLoader 0:  22%|██▏       | 213/989 [00:07<00:27, 28.27it/s]
Predicting DataLoader 0:  22%|██▏       | 214/989 [00:07<00:27, 28.27it/s]
Predicting DataLoader 0:  22%|██▏       | 215/989 [00:07<00:27, 28.29it/s]
Predicting DataLoader 0:  22%|██▏       | 216/989 [00:07<00:27, 28.30it/s]
Predicting DataLoader 0:  22%|██▏       | 217/989 [00:07<00:27, 28.30it/s]
Predicting DataLoader 0:  22%|██▏       | 218/989 [00:07<00:27, 28.30it/s]
Predicting DataLoader 0:  22%|██▏       | 219/989 [00:07<00:27, 28.30it/s]
Predicting DataLoader 0:  22%|██▏       | 220/989 [00:07<00:27, 28.32it/s]
Predicting DataLoader 0:  22%|██▏       | 221/989 [00:07<00:27, 28.33it/s]
Predicting DataLoader 0:  22%|██▏       | 222/989 [00:07<00:27, 28.32it/s]
Predicting DataLoader 0:  23%|██▎       | 223/989 [00:07<00:27, 28.32it/s]
Predicting DataLoader 0:  23%|██▎       | 224/989 [00:07<00:27, 28.31it/s]
Predicting DataLoader 0:  23%|██▎       | 225/989 [00:07<00:26, 28.30it/s]
Predicting DataLoader 0:  23%|██▎       | 226/989 [00:07<00:26, 28.31it/s]
Predicting DataLoader 0:  23%|██▎       | 227/989 [00:08<00:26, 28.31it/s]
Predicting DataLoader 0:  23%|██▎       | 228/989 [00:08<00:26, 28.31it/s]
Predicting DataLoader 0:  23%|██▎       | 229/989 [00:08<00:26, 28.30it/s]
Predicting DataLoader 0:  23%|██▎       | 230/989 [00:08<00:26, 28.31it/s]
Predicting DataLoader 0:  23%|██▎       | 231/989 [00:08<00:26, 28.33it/s]
Predicting DataLoader 0:  23%|██▎       | 232/989 [00:08<00:26, 28.32it/s]
Predicting DataLoader 0:  24%|██▎       | 233/989 [00:08<00:26, 28.32it/s]
Predicting DataLoader 0:  24%|██▎       | 234/989 [00:08<00:26, 28.32it/s]
Predicting DataLoader 0:  24%|██▍       | 235/989 [00:08<00:26, 28.34it/s]
Predicting DataLoader 0:  24%|██▍       | 236/989 [00:08<00:26, 28.33it/s]
Predicting DataLoader 0:  24%|██▍       | 237/989 [00:08<00:26, 28.34it/s]
Predicting DataLoader 0:  24%|██▍       | 238/989 [00:08<00:26, 28.33it/s]
Predicting DataLoader 0:  24%|██▍       | 239/989 [00:08<00:26, 28.34it/s]
Predicting DataLoader 0:  24%|██▍       | 240/989 [00:08<00:26, 28.33it/s]
Predicting DataLoader 0:  24%|██▍       | 241/989 [00:08<00:26, 28.34it/s]
Predicting DataLoader 0:  24%|██▍       | 242/989 [00:08<00:26, 28.35it/s]
Predicting DataLoader 0:  25%|██▍       | 243/989 [00:08<00:26, 28.35it/s]
Predicting DataLoader 0:  25%|██▍       | 244/989 [00:08<00:26, 28.37it/s]
Predicting DataLoader 0:  25%|██▍       | 245/989 [00:08<00:26, 28.37it/s]
Predicting DataLoader 0:  25%|██▍       | 246/989 [00:08<00:26, 28.37it/s]
Predicting DataLoader 0:  25%|██▍       | 247/989 [00:08<00:26, 28.35it/s]
Predicting DataLoader 0:  25%|██▌       | 248/989 [00:08<00:26, 28.35it/s]
Predicting DataLoader 0:  25%|██▌       | 249/989 [00:08<00:26, 28.35it/s]
Predicting DataLoader 0:  25%|██▌       | 250/989 [00:08<00:26, 28.36it/s]
Predicting DataLoader 0:  25%|██▌       | 251/989 [00:08<00:26, 28.34it/s]
Predicting DataLoader 0:  25%|██▌       | 252/989 [00:08<00:26, 28.33it/s]
Predicting DataLoader 0:  26%|██▌       | 253/989 [00:08<00:25, 28.33it/s]
Predicting DataLoader 0:  26%|██▌       | 254/989 [00:08<00:25, 28.33it/s]
Predicting DataLoader 0:  26%|██▌       | 255/989 [00:09<00:25, 28.32it/s]
Predicting DataLoader 0:  26%|██▌       | 256/989 [00:09<00:25, 28.30it/s]
Predicting DataLoader 0:  26%|██▌       | 257/989 [00:09<00:25, 28.30it/s]
Predicting DataLoader 0:  26%|██▌       | 258/989 [00:09<00:25, 28.30it/s]
Predicting DataLoader 0:  26%|██▌       | 259/989 [00:09<00:25, 28.30it/s]
Predicting DataLoader 0:  26%|██▋       | 260/989 [00:09<00:25, 28.33it/s]
Predicting DataLoader 0:  26%|██▋       | 261/989 [00:09<00:25, 28.32it/s]
Predicting DataLoader 0:  26%|██▋       | 262/989 [00:09<00:25, 28.31it/s]
Predicting DataLoader 0:  27%|██▋       | 263/989 [00:09<00:25, 28.31it/s]
Predicting DataLoader 0:  27%|██▋       | 264/989 [00:09<00:25, 28.30it/s]
Predicting DataLoader 0:  27%|██▋       | 265/989 [00:09<00:25, 28.31it/s]
Predicting DataLoader 0:  27%|██▋       | 266/989 [00:09<00:25, 28.32it/s]
Predicting DataLoader 0:  27%|██▋       | 267/989 [00:09<00:25, 28.33it/s]
Predicting DataLoader 0:  27%|██▋       | 268/989 [00:09<00:25, 28.34it/s]
Predicting DataLoader 0:  27%|██▋       | 269/989 [00:09<00:25, 28.35it/s]
Predicting DataLoader 0:  27%|██▋       | 270/989 [00:09<00:25, 28.36it/s]
Predicting DataLoader 0:  27%|██▋       | 271/989 [00:09<00:25, 28.36it/s]
Predicting DataLoader 0:  28%|██▊       | 272/989 [00:09<00:25, 28.36it/s]
Predicting DataLoader 0:  28%|██▊       | 273/989 [00:09<00:25, 28.38it/s]
Predicting DataLoader 0:  28%|██▊       | 274/989 [00:09<00:25, 28.40it/s]
Predicting DataLoader 0:  28%|██▊       | 275/989 [00:09<00:25, 28.40it/s]
Predicting DataLoader 0:  28%|██▊       | 276/989 [00:09<00:25, 28.40it/s]
Predicting DataLoader 0:  28%|██▊       | 277/989 [00:09<00:25, 28.41it/s]
Predicting DataLoader 0:  28%|██▊       | 278/989 [00:09<00:25, 28.41it/s]
Predicting DataLoader 0:  28%|██▊       | 279/989 [00:09<00:24, 28.40it/s]
Predicting DataLoader 0:  28%|██▊       | 280/989 [00:09<00:24, 28.43it/s]
Predicting DataLoader 0:  28%|██▊       | 281/989 [00:09<00:24, 28.44it/s]
Predicting DataLoader 0:  29%|██▊       | 282/989 [00:09<00:24, 28.45it/s]
Predicting DataLoader 0:  29%|██▊       | 283/989 [00:09<00:24, 28.44it/s]
Predicting DataLoader 0:  29%|██▊       | 284/989 [00:09<00:24, 28.46it/s]
Predicting DataLoader 0:  29%|██▉       | 285/989 [00:10<00:24, 28.47it/s]
Predicting DataLoader 0:  29%|██▉       | 286/989 [00:10<00:24, 28.46it/s]
Predicting DataLoader 0:  29%|██▉       | 287/989 [00:10<00:24, 28.47it/s]
Predicting DataLoader 0:  29%|██▉       | 288/989 [00:10<00:24, 28.45it/s]
Predicting DataLoader 0:  29%|██▉       | 289/989 [00:10<00:24, 28.44it/s]
Predicting DataLoader 0:  29%|██▉       | 290/989 [00:10<00:24, 28.45it/s]
Predicting DataLoader 0:  29%|██▉       | 291/989 [00:10<00:24, 28.45it/s]
Predicting DataLoader 0:  30%|██▉       | 292/989 [00:10<00:24, 28.46it/s]
Predicting DataLoader 0:  30%|██▉       | 293/989 [00:10<00:24, 28.46it/s]
Predicting DataLoader 0:  30%|██▉       | 294/989 [00:10<00:24, 28.47it/s]
Predicting DataLoader 0:  30%|██▉       | 295/989 [00:10<00:24, 28.46it/s]
Predicting DataLoader 0:  30%|██▉       | 296/989 [00:10<00:24, 28.46it/s]
Predicting DataLoader 0:  30%|███       | 297/989 [00:10<00:24, 28.46it/s]
Predicting DataLoader 0:  30%|███       | 298/989 [00:10<00:24, 28.47it/s]
Predicting DataLoader 0:  30%|███       | 299/989 [00:10<00:24, 28.47it/s]
Predicting DataLoader 0:  30%|███       | 300/989 [00:10<00:24, 28.47it/s]
Predicting DataLoader 0:  30%|███       | 301/989 [00:10<00:24, 28.48it/s]
Predicting DataLoader 0:  31%|███       | 302/989 [00:10<00:24, 28.49it/s]
Predicting DataLoader 0:  31%|███       | 303/989 [00:10<00:24, 28.50it/s]
Predicting DataLoader 0:  31%|███       | 304/989 [00:10<00:24, 28.51it/s]
Predicting DataLoader 0:  31%|███       | 305/989 [00:10<00:23, 28.51it/s]
Predicting DataLoader 0:  31%|███       | 306/989 [00:10<00:23, 28.52it/s]
Predicting DataLoader 0:  31%|███       | 307/989 [00:10<00:23, 28.53it/s]
Predicting DataLoader 0:  31%|███       | 308/989 [00:10<00:23, 28.53it/s]
Predicting DataLoader 0:  31%|███       | 309/989 [00:10<00:23, 28.52it/s]
Predicting DataLoader 0:  31%|███▏      | 310/989 [00:10<00:23, 28.52it/s]
Predicting DataLoader 0:  31%|███▏      | 311/989 [00:10<00:23, 28.53it/s]
Predicting DataLoader 0:  32%|███▏      | 312/989 [00:10<00:23, 28.52it/s]
Predicting DataLoader 0:  32%|███▏      | 313/989 [00:10<00:23, 28.52it/s]
Predicting DataLoader 0:  32%|███▏      | 314/989 [00:11<00:23, 28.52it/s]
Predicting DataLoader 0:  32%|███▏      | 315/989 [00:11<00:23, 28.53it/s]
Predicting DataLoader 0:  32%|███▏      | 316/989 [00:11<00:23, 28.53it/s]
Predicting DataLoader 0:  32%|███▏      | 317/989 [00:11<00:23, 28.51it/s]
Predicting DataLoader 0:  32%|███▏      | 318/989 [00:11<00:23, 28.52it/s]
Predicting DataLoader 0:  32%|███▏      | 319/989 [00:11<00:23, 28.51it/s]
Predicting DataLoader 0:  32%|███▏      | 320/989 [00:11<00:23, 28.50it/s]
Predicting DataLoader 0:  32%|███▏      | 321/989 [00:11<00:23, 28.51it/s]
Predicting DataLoader 0:  33%|███▎      | 322/989 [00:11<00:23, 28.52it/s]
Predicting DataLoader 0:  33%|███▎      | 323/989 [00:11<00:23, 28.50it/s]
Predicting DataLoader 0:  33%|███▎      | 324/989 [00:11<00:23, 28.51it/s]
Predicting DataLoader 0:  33%|███▎      | 325/989 [00:11<00:23, 28.51it/s]
Predicting DataLoader 0:  33%|███▎      | 326/989 [00:11<00:23, 28.52it/s]
Predicting DataLoader 0:  33%|███▎      | 327/989 [00:11<00:23, 28.52it/s]
Predicting DataLoader 0:  33%|███▎      | 328/989 [00:11<00:23, 28.52it/s]
Predicting DataLoader 0:  33%|███▎      | 329/989 [00:11<00:23, 28.53it/s]
Predicting DataLoader 0:  33%|███▎      | 330/989 [00:11<00:23, 28.52it/s]
Predicting DataLoader 0:  33%|███▎      | 331/989 [00:11<00:23, 28.52it/s]
Predicting DataLoader 0:  34%|███▎      | 332/989 [00:11<00:23, 28.51it/s]
Predicting DataLoader 0:  34%|███▎      | 333/989 [00:11<00:23, 28.50it/s]
Predicting DataLoader 0:  34%|███▍      | 334/989 [00:11<00:22, 28.49it/s]
Predicting DataLoader 0:  34%|███▍      | 335/989 [00:11<00:22, 28.48it/s]
Predicting DataLoader 0:  34%|███▍      | 336/989 [00:11<00:22, 28.47it/s]
Predicting DataLoader 0:  34%|███▍      | 337/989 [00:11<00:22, 28.45it/s]
Predicting DataLoader 0:  34%|███▍      | 338/989 [00:11<00:22, 28.45it/s]
Predicting DataLoader 0:  34%|███▍      | 339/989 [00:11<00:22, 28.44it/s]
Predicting DataLoader 0:  34%|███▍      | 340/989 [00:11<00:22, 28.44it/s]
Predicting DataLoader 0:  34%|███▍      | 341/989 [00:11<00:22, 28.44it/s]
Predicting DataLoader 0:  35%|███▍      | 342/989 [00:12<00:22, 28.42it/s]
Predicting DataLoader 0:  35%|███▍      | 343/989 [00:12<00:22, 28.43it/s]
Predicting DataLoader 0:  35%|███▍      | 344/989 [00:12<00:22, 28.41it/s]
Predicting DataLoader 0:  35%|███▍      | 345/989 [00:12<00:22, 28.42it/s]
Predicting DataLoader 0:  35%|███▍      | 346/989 [00:12<00:22, 28.40it/s]
Predicting DataLoader 0:  35%|███▌      | 347/989 [00:12<00:22, 28.39it/s]
Predicting DataLoader 0:  35%|███▌      | 348/989 [00:12<00:22, 28.40it/s]
Predicting DataLoader 0:  35%|███▌      | 349/989 [00:12<00:22, 28.39it/s]
Predicting DataLoader 0:  35%|███▌      | 350/989 [00:12<00:22, 28.41it/s]
Predicting DataLoader 0:  35%|███▌      | 351/989 [00:12<00:22, 28.41it/s]
Predicting DataLoader 0:  36%|███▌      | 352/989 [00:12<00:22, 28.40it/s]
Predicting DataLoader 0:  36%|███▌      | 353/989 [00:12<00:22, 28.40it/s]
Predicting DataLoader 0:  36%|███▌      | 354/989 [00:12<00:22, 28.39it/s]
Predicting DataLoader 0:  36%|███▌      | 355/989 [00:12<00:22, 28.38it/s]
Predicting DataLoader 0:  36%|███▌      | 356/989 [00:12<00:22, 28.38it/s]
Predicting DataLoader 0:  36%|███▌      | 357/989 [00:12<00:22, 28.39it/s]
Predicting DataLoader 0:  36%|███▌      | 358/989 [00:12<00:22, 28.38it/s]
Predicting DataLoader 0:  36%|███▋      | 359/989 [00:12<00:22, 28.37it/s]
Predicting DataLoader 0:  36%|███▋      | 360/989 [00:12<00:22, 28.35it/s]
Predicting DataLoader 0:  37%|███▋      | 361/989 [00:12<00:22, 28.34it/s]
Predicting DataLoader 0:  37%|███▋      | 362/989 [00:12<00:22, 28.34it/s]
Predicting DataLoader 0:  37%|███▋      | 363/989 [00:12<00:22, 28.35it/s]
Predicting DataLoader 0:  37%|███▋      | 364/989 [00:12<00:22, 28.35it/s]
Predicting DataLoader 0:  37%|███▋      | 365/989 [00:12<00:22, 28.36it/s]
Predicting DataLoader 0:  37%|███▋      | 366/989 [00:12<00:21, 28.36it/s]
Predicting DataLoader 0:  37%|███▋      | 367/989 [00:12<00:21, 28.36it/s]
Predicting DataLoader 0:  37%|███▋      | 368/989 [00:12<00:21, 28.36it/s]
Predicting DataLoader 0:  37%|███▋      | 369/989 [00:13<00:21, 28.35it/s]
Predicting DataLoader 0:  37%|███▋      | 370/989 [00:13<00:21, 28.34it/s]
Predicting DataLoader 0:  38%|███▊      | 371/989 [00:13<00:21, 28.34it/s]
Predicting DataLoader 0:  38%|███▊      | 372/989 [00:13<00:21, 28.34it/s]
Predicting DataLoader 0:  38%|███▊      | 373/989 [00:13<00:21, 28.33it/s]
Predicting DataLoader 0:  38%|███▊      | 374/989 [00:13<00:21, 28.33it/s]
Predicting DataLoader 0:  38%|███▊      | 375/989 [00:13<00:21, 28.34it/s]
Predicting DataLoader 0:  38%|███▊      | 376/989 [00:13<00:21, 28.35it/s]
Predicting DataLoader 0:  38%|███▊      | 377/989 [00:13<00:21, 28.34it/s]
Predicting DataLoader 0:  38%|███▊      | 378/989 [00:13<00:21, 28.33it/s]
Predicting DataLoader 0:  38%|███▊      | 379/989 [00:13<00:21, 28.32it/s]
Predicting DataLoader 0:  38%|███▊      | 380/989 [00:13<00:21, 28.31it/s]
Predicting DataLoader 0:  39%|███▊      | 381/989 [00:13<00:21, 28.31it/s]
Predicting DataLoader 0:  39%|███▊      | 382/989 [00:13<00:21, 28.30it/s]
Predicting DataLoader 0:  39%|███▊      | 383/989 [00:13<00:21, 28.30it/s]
Predicting DataLoader 0:  39%|███▉      | 384/989 [00:13<00:21, 28.30it/s]
Predicting DataLoader 0:  39%|███▉      | 385/989 [00:13<00:21, 28.29it/s]
Predicting DataLoader 0:  39%|███▉      | 386/989 [00:13<00:21, 28.30it/s]
Predicting DataLoader 0:  39%|███▉      | 387/989 [00:13<00:21, 28.31it/s]
Predicting DataLoader 0:  39%|███▉      | 388/989 [00:13<00:21, 28.30it/s]
Predicting DataLoader 0:  39%|███▉      | 389/989 [00:13<00:21, 28.30it/s]
Predicting DataLoader 0:  39%|███▉      | 390/989 [00:13<00:21, 28.29it/s]
Predicting DataLoader 0:  40%|███▉      | 391/989 [00:13<00:21, 28.30it/s]
Predicting DataLoader 0:  40%|███▉      | 392/989 [00:13<00:21, 28.30it/s]
Predicting DataLoader 0:  40%|███▉      | 393/989 [00:13<00:21, 28.29it/s]
Predicting DataLoader 0:  40%|███▉      | 394/989 [00:13<00:21, 28.29it/s]
Predicting DataLoader 0:  40%|███▉      | 395/989 [00:13<00:21, 28.29it/s]
Predicting DataLoader 0:  40%|████      | 396/989 [00:14<00:20, 28.28it/s]
Predicting DataLoader 0:  40%|████      | 397/989 [00:14<00:20, 28.27it/s]
Predicting DataLoader 0:  40%|████      | 398/989 [00:14<00:20, 28.28it/s]
Predicting DataLoader 0:  40%|████      | 399/989 [00:14<00:20, 28.28it/s]
Predicting DataLoader 0:  40%|████      | 400/989 [00:14<00:20, 28.28it/s]
Predicting DataLoader 0:  41%|████      | 401/989 [00:14<00:20, 28.27it/s]
Predicting DataLoader 0:  41%|████      | 402/989 [00:14<00:20, 28.28it/s]
Predicting DataLoader 0:  41%|████      | 403/989 [00:14<00:20, 28.28it/s]
Predicting DataLoader 0:  41%|████      | 404/989 [00:14<00:20, 28.27it/s]
Predicting DataLoader 0:  41%|████      | 405/989 [00:14<00:20, 28.28it/s]
Predicting DataLoader 0:  41%|████      | 406/989 [00:14<00:20, 28.28it/s]
Predicting DataLoader 0:  41%|████      | 407/989 [00:14<00:20, 28.28it/s]
Predicting DataLoader 0:  41%|████▏     | 408/989 [00:14<00:20, 28.29it/s]
Predicting DataLoader 0:  41%|████▏     | 409/989 [00:14<00:20, 28.30it/s]
Predicting DataLoader 0:  41%|████▏     | 410/989 [00:14<00:20, 28.30it/s]
Predicting DataLoader 0:  42%|████▏     | 411/989 [00:14<00:20, 28.30it/s]
Predicting DataLoader 0:  42%|████▏     | 412/989 [00:14<00:20, 28.30it/s]
Predicting DataLoader 0:  42%|████▏     | 413/989 [00:14<00:20, 28.29it/s]
Predicting DataLoader 0:  42%|████▏     | 414/989 [00:14<00:20, 28.29it/s]
Predicting DataLoader 0:  42%|████▏     | 415/989 [00:14<00:20, 28.28it/s]
Predicting DataLoader 0:  42%|████▏     | 416/989 [00:14<00:20, 28.27it/s]
Predicting DataLoader 0:  42%|████▏     | 417/989 [00:14<00:20, 28.26it/s]
Predicting DataLoader 0:  42%|████▏     | 418/989 [00:14<00:20, 28.27it/s]
Predicting DataLoader 0:  42%|████▏     | 419/989 [00:14<00:20, 28.27it/s]
Predicting DataLoader 0:  42%|████▏     | 420/989 [00:14<00:20, 28.26it/s]
Predicting DataLoader 0:  43%|████▎     | 421/989 [00:14<00:20, 28.27it/s]
Predicting DataLoader 0:  43%|████▎     | 422/989 [00:14<00:20, 28.28it/s]
Predicting DataLoader 0:  43%|████▎     | 423/989 [00:14<00:20, 28.28it/s]
Predicting DataLoader 0:  43%|████▎     | 424/989 [00:14<00:19, 28.27it/s]
Predicting DataLoader 0:  43%|████▎     | 425/989 [00:15<00:19, 28.27it/s]
Predicting DataLoader 0:  43%|████▎     | 426/989 [00:15<00:19, 28.27it/s]
Predicting DataLoader 0:  43%|████▎     | 427/989 [00:15<00:19, 28.26it/s]
Predicting DataLoader 0:  43%|████▎     | 428/989 [00:15<00:19, 28.26it/s]
Predicting DataLoader 0:  43%|████▎     | 429/989 [00:15<00:19, 28.25it/s]
Predicting DataLoader 0:  43%|████▎     | 430/989 [00:15<00:19, 28.26it/s]
Predicting DataLoader 0:  44%|████▎     | 431/989 [00:15<00:19, 28.26it/s]
Predicting DataLoader 0:  44%|████▎     | 432/989 [00:15<00:19, 28.25it/s]
Predicting DataLoader 0:  44%|████▍     | 433/989 [00:15<00:19, 28.25it/s]
Predicting DataLoader 0:  44%|████▍     | 434/989 [00:15<00:19, 28.26it/s]
Predicting DataLoader 0:  44%|████▍     | 435/989 [00:15<00:19, 28.26it/s]
Predicting DataLoader 0:  44%|████▍     | 436/989 [00:15<00:19, 28.26it/s]
Predicting DataLoader 0:  44%|████▍     | 437/989 [00:15<00:19, 28.27it/s]
Predicting DataLoader 0:  44%|████▍     | 438/989 [00:15<00:19, 28.27it/s]
Predicting DataLoader 0:  44%|████▍     | 439/989 [00:15<00:19, 28.28it/s]
Predicting DataLoader 0:  44%|████▍     | 440/989 [00:15<00:19, 28.29it/s]
Predicting DataLoader 0:  45%|████▍     | 441/989 [00:15<00:19, 28.28it/s]
Predicting DataLoader 0:  45%|████▍     | 442/989 [00:15<00:19, 28.28it/s]
Predicting DataLoader 0:  45%|████▍     | 443/989 [00:15<00:19, 28.29it/s]
Predicting DataLoader 0:  45%|████▍     | 444/989 [00:15<00:19, 28.28it/s]
Predicting DataLoader 0:  45%|████▍     | 445/989 [00:15<00:19, 28.27it/s]
Predicting DataLoader 0:  45%|████▌     | 446/989 [00:15<00:19, 28.26it/s]
Predicting DataLoader 0:  45%|████▌     | 447/989 [00:15<00:19, 28.25it/s]
Predicting DataLoader 0:  45%|████▌     | 448/989 [00:15<00:19, 28.26it/s]
Predicting DataLoader 0:  45%|████▌     | 449/989 [00:15<00:19, 28.26it/s]
Predicting DataLoader 0:  46%|████▌     | 450/989 [00:15<00:19, 28.27it/s]
Predicting DataLoader 0:  46%|████▌     | 451/989 [00:15<00:19, 28.26it/s]
Predicting DataLoader 0:  46%|████▌     | 452/989 [00:16<00:19, 28.25it/s]
Predicting DataLoader 0:  46%|████▌     | 453/989 [00:16<00:18, 28.25it/s]
Predicting DataLoader 0:  46%|████▌     | 454/989 [00:16<00:18, 28.25it/s]
Predicting DataLoader 0:  46%|████▌     | 455/989 [00:16<00:18, 28.24it/s]
Predicting DataLoader 0:  46%|████▌     | 456/989 [00:16<00:18, 28.24it/s]
Predicting DataLoader 0:  46%|████▌     | 457/989 [00:16<00:18, 28.25it/s]
Predicting DataLoader 0:  46%|████▋     | 458/989 [00:16<00:18, 28.26it/s]
Predicting DataLoader 0:  46%|████▋     | 459/989 [00:16<00:18, 28.26it/s]
Predicting DataLoader 0:  47%|████▋     | 460/989 [00:16<00:18, 28.25it/s]
Predicting DataLoader 0:  47%|████▋     | 461/989 [00:16<00:18, 28.25it/s]
Predicting DataLoader 0:  47%|████▋     | 462/989 [00:16<00:18, 28.25it/s]
Predicting DataLoader 0:  47%|████▋     | 463/989 [00:16<00:18, 28.25it/s]
Predicting DataLoader 0:  47%|████▋     | 464/989 [00:16<00:18, 28.25it/s]
Predicting DataLoader 0:  47%|████▋     | 465/989 [00:16<00:18, 28.24it/s]
Predicting DataLoader 0:  47%|████▋     | 466/989 [00:16<00:18, 28.24it/s]
Predicting DataLoader 0:  47%|████▋     | 467/989 [00:16<00:18, 28.23it/s]
Predicting DataLoader 0:  47%|████▋     | 468/989 [00:16<00:18, 28.22it/s]
Predicting DataLoader 0:  47%|████▋     | 469/989 [00:16<00:18, 28.24it/s]
Predicting DataLoader 0:  48%|████▊     | 470/989 [00:16<00:18, 28.24it/s]
Predicting DataLoader 0:  48%|████▊     | 471/989 [00:16<00:18, 28.24it/s]
Predicting DataLoader 0:  48%|████▊     | 472/989 [00:16<00:18, 28.24it/s]
Predicting DataLoader 0:  48%|████▊     | 473/989 [00:16<00:18, 28.25it/s]
Predicting DataLoader 0:  48%|████▊     | 474/989 [00:16<00:18, 28.25it/s]
Predicting DataLoader 0:  48%|████▊     | 475/989 [00:16<00:18, 28.25it/s]
Predicting DataLoader 0:  48%|████▊     | 476/989 [00:16<00:18, 28.25it/s]
Predicting DataLoader 0:  48%|████▊     | 477/989 [00:16<00:18, 28.25it/s]
Predicting DataLoader 0:  48%|████▊     | 478/989 [00:16<00:18, 28.24it/s]
Predicting DataLoader 0:  48%|████▊     | 479/989 [00:16<00:18, 28.24it/s]
Predicting DataLoader 0:  49%|████▊     | 480/989 [00:17<00:18, 28.24it/s]
Predicting DataLoader 0:  49%|████▊     | 481/989 [00:17<00:17, 28.23it/s]
Predicting DataLoader 0:  49%|████▊     | 482/989 [00:17<00:17, 28.23it/s]
Predicting DataLoader 0:  49%|████▉     | 483/989 [00:17<00:17, 28.24it/s]
Predicting DataLoader 0:  49%|████▉     | 484/989 [00:17<00:17, 28.24it/s]
Predicting DataLoader 0:  49%|████▉     | 485/989 [00:17<00:17, 28.24it/s]
Predicting DataLoader 0:  49%|████▉     | 486/989 [00:17<00:17, 28.24it/s]
Predicting DataLoader 0:  49%|████▉     | 487/989 [00:17<00:17, 28.25it/s]
Predicting DataLoader 0:  49%|████▉     | 488/989 [00:17<00:17, 28.24it/s]
Predicting DataLoader 0:  49%|████▉     | 489/989 [00:17<00:17, 28.24it/s]
Predicting DataLoader 0:  50%|████▉     | 490/989 [00:17<00:17, 28.24it/s]
Predicting DataLoader 0:  50%|████▉     | 491/989 [00:17<00:17, 28.24it/s]
Predicting DataLoader 0:  50%|████▉     | 492/989 [00:17<00:17, 28.24it/s]
Predicting DataLoader 0:  50%|████▉     | 493/989 [00:17<00:17, 28.24it/s]
Predicting DataLoader 0:  50%|████▉     | 494/989 [00:17<00:17, 28.24it/s]
Predicting DataLoader 0:  50%|█████     | 495/989 [00:17<00:17, 28.23it/s]
Predicting DataLoader 0:  50%|█████     | 496/989 [00:17<00:17, 28.23it/s]
Predicting DataLoader 0:  50%|█████     | 497/989 [00:17<00:17, 28.23it/s]
Predicting DataLoader 0:  50%|█████     | 498/989 [00:17<00:17, 28.24it/s]
Predicting DataLoader 0:  50%|█████     | 499/989 [00:17<00:17, 28.24it/s]
Predicting DataLoader 0:  51%|█████     | 500/989 [00:17<00:17, 28.25it/s]
Predicting DataLoader 0:  51%|█████     | 501/989 [00:17<00:17, 28.26it/s]
Predicting DataLoader 0:  51%|█████     | 502/989 [00:17<00:17, 28.25it/s]
Predicting DataLoader 0:  51%|█████     | 503/989 [00:17<00:17, 28.25it/s]
Predicting DataLoader 0:  51%|█████     | 504/989 [00:17<00:17, 28.24it/s]
Predicting DataLoader 0:  51%|█████     | 505/989 [00:17<00:17, 28.24it/s]
Predicting DataLoader 0:  51%|█████     | 506/989 [00:17<00:17, 28.24it/s]
Predicting DataLoader 0:  51%|█████▏    | 507/989 [00:17<00:17, 28.23it/s]
Predicting DataLoader 0:  51%|█████▏    | 508/989 [00:17<00:17, 28.23it/s]
Predicting DataLoader 0:  51%|█████▏    | 509/989 [00:18<00:17, 28.23it/s]
Predicting DataLoader 0:  52%|█████▏    | 510/989 [00:18<00:16, 28.23it/s]
Predicting DataLoader 0:  52%|█████▏    | 511/989 [00:18<00:16, 28.23it/s]
Predicting DataLoader 0:  52%|█████▏    | 512/989 [00:18<00:16, 28.23it/s]
Predicting DataLoader 0:  52%|█████▏    | 513/989 [00:18<00:16, 28.22it/s]
Predicting DataLoader 0:  52%|█████▏    | 514/989 [00:18<00:16, 28.21it/s]
Predicting DataLoader 0:  52%|█████▏    | 515/989 [00:18<00:16, 28.21it/s]
Predicting DataLoader 0:  52%|█████▏    | 516/989 [00:18<00:16, 28.20it/s]
Predicting DataLoader 0:  52%|█████▏    | 517/989 [00:18<00:16, 28.20it/s]
Predicting DataLoader 0:  52%|█████▏    | 518/989 [00:18<00:16, 28.20it/s]
Predicting DataLoader 0:  52%|█████▏    | 519/989 [00:18<00:16, 28.20it/s]
Predicting DataLoader 0:  53%|█████▎    | 520/989 [00:18<00:16, 28.19it/s]
Predicting DataLoader 0:  53%|█████▎    | 521/989 [00:18<00:16, 28.20it/s]
Predicting DataLoader 0:  53%|█████▎    | 522/989 [00:18<00:16, 28.18it/s]
Predicting DataLoader 0:  53%|█████▎    | 523/989 [00:18<00:16, 28.18it/s]
Predicting DataLoader 0:  53%|█████▎    | 524/989 [00:18<00:16, 28.18it/s]
Predicting DataLoader 0:  53%|█████▎    | 525/989 [00:18<00:16, 28.19it/s]
Predicting DataLoader 0:  53%|█████▎    | 526/989 [00:18<00:16, 28.18it/s]
Predicting DataLoader 0:  53%|█████▎    | 527/989 [00:18<00:16, 28.18it/s]
Predicting DataLoader 0:  53%|█████▎    | 528/989 [00:18<00:16, 28.19it/s]
Predicting DataLoader 0:  53%|█████▎    | 529/989 [00:18<00:16, 28.18it/s]
Predicting DataLoader 0:  54%|█████▎    | 530/989 [00:18<00:16, 28.18it/s]
Predicting DataLoader 0:  54%|█████▎    | 531/989 [00:18<00:16, 28.17it/s]
Predicting DataLoader 0:  54%|█████▍    | 532/989 [00:18<00:16, 28.17it/s]
Predicting DataLoader 0:  54%|█████▍    | 533/989 [00:18<00:16, 28.17it/s]
Predicting DataLoader 0:  54%|█████▍    | 534/989 [00:18<00:16, 28.16it/s]
Predicting DataLoader 0:  54%|█████▍    | 535/989 [00:19<00:16, 28.16it/s]
Predicting DataLoader 0:  54%|█████▍    | 536/989 [00:19<00:16, 28.16it/s]
Predicting DataLoader 0:  54%|█████▍    | 537/989 [00:19<00:16, 28.16it/s]
Predicting DataLoader 0:  54%|█████▍    | 538/989 [00:19<00:16, 28.15it/s]
Predicting DataLoader 0:  54%|█████▍    | 539/989 [00:19<00:15, 28.15it/s]
Predicting DataLoader 0:  55%|█████▍    | 540/989 [00:19<00:15, 28.15it/s]
Predicting DataLoader 0:  55%|█████▍    | 541/989 [00:19<00:15, 28.15it/s]
Predicting DataLoader 0:  55%|█████▍    | 542/989 [00:19<00:15, 28.15it/s]
Predicting DataLoader 0:  55%|█████▍    | 543/989 [00:19<00:15, 28.15it/s]
Predicting DataLoader 0:  55%|█████▌    | 544/989 [00:19<00:15, 28.16it/s]
Predicting DataLoader 0:  55%|█████▌    | 545/989 [00:19<00:15, 28.15it/s]
Predicting DataLoader 0:  55%|█████▌    | 546/989 [00:19<00:15, 28.15it/s]
Predicting DataLoader 0:  55%|█████▌    | 547/989 [00:19<00:15, 28.15it/s]
Predicting DataLoader 0:  55%|█████▌    | 548/989 [00:19<00:15, 28.15it/s]
Predicting DataLoader 0:  56%|█████▌    | 549/989 [00:19<00:15, 28.15it/s]
Predicting DataLoader 0:  56%|█████▌    | 550/989 [00:19<00:15, 28.14it/s]
Predicting DataLoader 0:  56%|█████▌    | 551/989 [00:19<00:15, 28.15it/s]
Predicting DataLoader 0:  56%|█████▌    | 552/989 [00:19<00:15, 28.15it/s]
Predicting DataLoader 0:  56%|█████▌    | 553/989 [00:19<00:15, 28.15it/s]
Predicting DataLoader 0:  56%|█████▌    | 554/989 [00:19<00:15, 28.15it/s]
Predicting DataLoader 0:  56%|█████▌    | 555/989 [00:19<00:15, 28.14it/s]
Predicting DataLoader 0:  56%|█████▌    | 556/989 [00:19<00:15, 28.15it/s]
Predicting DataLoader 0:  56%|█████▋    | 557/989 [00:19<00:15, 28.15it/s]
Predicting DataLoader 0:  56%|█████▋    | 558/989 [00:19<00:15, 28.15it/s]
Predicting DataLoader 0:  57%|█████▋    | 559/989 [00:19<00:15, 28.15it/s]
Predicting DataLoader 0:  57%|█████▋    | 560/989 [00:19<00:15, 28.15it/s]
Predicting DataLoader 0:  57%|█████▋    | 561/989 [00:19<00:15, 28.14it/s]
Predicting DataLoader 0:  57%|█████▋    | 562/989 [00:19<00:15, 28.15it/s]
Predicting DataLoader 0:  57%|█████▋    | 563/989 [00:19<00:15, 28.15it/s]
Predicting DataLoader 0:  57%|█████▋    | 564/989 [00:20<00:15, 28.15it/s]
Predicting DataLoader 0:  57%|█████▋    | 565/989 [00:20<00:15, 28.16it/s]
Predicting DataLoader 0:  57%|█████▋    | 566/989 [00:20<00:15, 28.16it/s]
Predicting DataLoader 0:  57%|█████▋    | 567/989 [00:20<00:14, 28.15it/s]
Predicting DataLoader 0:  57%|█████▋    | 568/989 [00:20<00:14, 28.14it/s]
Predicting DataLoader 0:  58%|█████▊    | 569/989 [00:20<00:14, 28.13it/s]
Predicting DataLoader 0:  58%|█████▊    | 570/989 [00:20<00:14, 28.13it/s]
Predicting DataLoader 0:  58%|█████▊    | 571/989 [00:20<00:14, 28.13it/s]
Predicting DataLoader 0:  58%|█████▊    | 572/989 [00:20<00:14, 28.12it/s]
Predicting DataLoader 0:  58%|█████▊    | 573/989 [00:20<00:14, 28.12it/s]
Predicting DataLoader 0:  58%|█████▊    | 574/989 [00:20<00:14, 28.11it/s]
Predicting DataLoader 0:  58%|█████▊    | 575/989 [00:20<00:14, 28.10it/s]
Predicting DataLoader 0:  58%|█████▊    | 576/989 [00:20<00:14, 28.08it/s]
Predicting DataLoader 0:  58%|█████▊    | 577/989 [00:20<00:14, 28.07it/s]
Predicting DataLoader 0:  58%|█████▊    | 578/989 [00:20<00:14, 28.06it/s]
Predicting DataLoader 0:  59%|█████▊    | 579/989 [00:20<00:14, 28.06it/s]
Predicting DataLoader 0:  59%|█████▊    | 580/989 [00:20<00:14, 28.06it/s]
Predicting DataLoader 0:  59%|█████▊    | 581/989 [00:20<00:14, 28.06it/s]
Predicting DataLoader 0:  59%|█████▉    | 582/989 [00:20<00:14, 28.06it/s]
Predicting DataLoader 0:  59%|█████▉    | 583/989 [00:20<00:14, 28.06it/s]
Predicting DataLoader 0:  59%|█████▉    | 584/989 [00:20<00:14, 28.06it/s]
Predicting DataLoader 0:  59%|█████▉    | 585/989 [00:20<00:14, 28.06it/s]
Predicting DataLoader 0:  59%|█████▉    | 586/989 [00:20<00:14, 28.06it/s]
Predicting DataLoader 0:  59%|█████▉    | 587/989 [00:20<00:14, 28.06it/s]
Predicting DataLoader 0:  59%|█████▉    | 588/989 [00:20<00:14, 28.06it/s]
Predicting DataLoader 0:  60%|█████▉    | 589/989 [00:20<00:14, 28.05it/s]
Predicting DataLoader 0:  60%|█████▉    | 590/989 [00:21<00:14, 28.05it/s]
Predicting DataLoader 0:  60%|█████▉    | 591/989 [00:21<00:14, 28.05it/s]
Predicting DataLoader 0:  60%|█████▉    | 592/989 [00:21<00:14, 28.05it/s]
Predicting DataLoader 0:  60%|█████▉    | 593/989 [00:21<00:14, 28.04it/s]
Predicting DataLoader 0:  60%|██████    | 594/989 [00:21<00:14, 28.04it/s]
Predicting DataLoader 0:  60%|██████    | 595/989 [00:21<00:14, 28.04it/s]
Predicting DataLoader 0:  60%|██████    | 596/989 [00:21<00:14, 28.03it/s]
Predicting DataLoader 0:  60%|██████    | 597/989 [00:21<00:13, 28.03it/s]
Predicting DataLoader 0:  60%|██████    | 598/989 [00:21<00:13, 28.03it/s]
Predicting DataLoader 0:  61%|██████    | 599/989 [00:21<00:13, 28.03it/s]
Predicting DataLoader 0:  61%|██████    | 600/989 [00:21<00:13, 28.02it/s]
Predicting DataLoader 0:  61%|██████    | 601/989 [00:21<00:13, 28.02it/s]
Predicting DataLoader 0:  61%|██████    | 602/989 [00:21<00:13, 28.02it/s]
Predicting DataLoader 0:  61%|██████    | 603/989 [00:21<00:13, 28.02it/s]
Predicting DataLoader 0:  61%|██████    | 604/989 [00:21<00:13, 28.02it/s]
Predicting DataLoader 0:  61%|██████    | 605/989 [00:21<00:13, 28.02it/s]
Predicting DataLoader 0:  61%|██████▏   | 606/989 [00:21<00:13, 28.02it/s]
Predicting DataLoader 0:  61%|██████▏   | 607/989 [00:21<00:13, 28.02it/s]
Predicting DataLoader 0:  61%|██████▏   | 608/989 [00:21<00:13, 28.01it/s]
Predicting DataLoader 0:  62%|██████▏   | 609/989 [00:21<00:13, 28.02it/s]
Predicting DataLoader 0:  62%|██████▏   | 610/989 [00:21<00:13, 28.02it/s]
Predicting DataLoader 0:  62%|██████▏   | 611/989 [00:21<00:13, 28.02it/s]
Predicting DataLoader 0:  62%|██████▏   | 612/989 [00:21<00:13, 28.02it/s]
Predicting DataLoader 0:  62%|██████▏   | 613/989 [00:21<00:13, 28.02it/s]
Predicting DataLoader 0:  62%|██████▏   | 614/989 [00:21<00:13, 28.01it/s]
Predicting DataLoader 0:  62%|██████▏   | 615/989 [00:21<00:13, 28.01it/s]
Predicting DataLoader 0:  62%|██████▏   | 616/989 [00:21<00:13, 28.01it/s]
Predicting DataLoader 0:  62%|██████▏   | 617/989 [00:22<00:13, 28.01it/s]
Predicting DataLoader 0:  62%|██████▏   | 618/989 [00:22<00:13, 28.01it/s]
Predicting DataLoader 0:  63%|██████▎   | 619/989 [00:22<00:13, 28.00it/s]
Predicting DataLoader 0:  63%|██████▎   | 620/989 [00:22<00:13, 28.00it/s]
Predicting DataLoader 0:  63%|██████▎   | 621/989 [00:22<00:13, 28.00it/s]
Predicting DataLoader 0:  63%|██████▎   | 622/989 [00:22<00:13, 28.00it/s]
Predicting DataLoader 0:  63%|██████▎   | 623/989 [00:22<00:13, 28.01it/s]
Predicting DataLoader 0:  63%|██████▎   | 624/989 [00:22<00:13, 28.00it/s]
Predicting DataLoader 0:  63%|██████▎   | 625/989 [00:22<00:12, 28.00it/s]
Predicting DataLoader 0:  63%|██████▎   | 626/989 [00:22<00:12, 28.00it/s]
Predicting DataLoader 0:  63%|██████▎   | 627/989 [00:22<00:12, 28.00it/s]
Predicting DataLoader 0:  63%|██████▎   | 628/989 [00:22<00:12, 28.00it/s]
Predicting DataLoader 0:  64%|██████▎   | 629/989 [00:22<00:12, 28.01it/s]
Predicting DataLoader 0:  64%|██████▎   | 630/989 [00:22<00:12, 28.01it/s]
Predicting DataLoader 0:  64%|██████▍   | 631/989 [00:22<00:12, 28.01it/s]
Predicting DataLoader 0:  64%|██████▍   | 632/989 [00:22<00:12, 28.00it/s]
Predicting DataLoader 0:  64%|██████▍   | 633/989 [00:22<00:12, 28.01it/s]
Predicting DataLoader 0:  64%|██████▍   | 634/989 [00:22<00:12, 28.01it/s]
Predicting DataLoader 0:  64%|██████▍   | 635/989 [00:22<00:12, 28.00it/s]
Predicting DataLoader 0:  64%|██████▍   | 636/989 [00:22<00:12, 28.01it/s]
Predicting DataLoader 0:  64%|██████▍   | 637/989 [00:22<00:12, 28.00it/s]
Predicting DataLoader 0:  65%|██████▍   | 638/989 [00:22<00:12, 28.00it/s]
Predicting DataLoader 0:  65%|██████▍   | 639/989 [00:22<00:12, 28.00it/s]
Predicting DataLoader 0:  65%|██████▍   | 640/989 [00:22<00:12, 28.00it/s]
Predicting DataLoader 0:  65%|██████▍   | 641/989 [00:22<00:12, 28.00it/s]
Predicting DataLoader 0:  65%|██████▍   | 642/989 [00:22<00:12, 28.00it/s]
Predicting DataLoader 0:  65%|██████▌   | 643/989 [00:22<00:12, 28.00it/s]
Predicting DataLoader 0:  65%|██████▌   | 644/989 [00:23<00:12, 28.00it/s]
Predicting DataLoader 0:  65%|██████▌   | 645/989 [00:23<00:12, 28.00it/s]
Predicting DataLoader 0:  65%|██████▌   | 646/989 [00:23<00:12, 28.00it/s]
Predicting DataLoader 0:  65%|██████▌   | 647/989 [00:23<00:12, 28.00it/s]
Predicting DataLoader 0:  66%|██████▌   | 648/989 [00:23<00:12, 28.00it/s]
Predicting DataLoader 0:  66%|██████▌   | 649/989 [00:23<00:12, 28.00it/s]
Predicting DataLoader 0:  66%|██████▌   | 650/989 [00:23<00:12, 27.99it/s]
Predicting DataLoader 0:  66%|██████▌   | 651/989 [00:23<00:12, 27.99it/s]
Predicting DataLoader 0:  66%|██████▌   | 652/989 [00:23<00:12, 27.99it/s]
Predicting DataLoader 0:  66%|██████▌   | 653/989 [00:23<00:12, 27.99it/s]
Predicting DataLoader 0:  66%|██████▌   | 654/989 [00:23<00:11, 27.99it/s]
Predicting DataLoader 0:  66%|██████▌   | 655/989 [00:23<00:11, 27.98it/s]
Predicting DataLoader 0:  66%|██████▋   | 656/989 [00:23<00:11, 27.98it/s]
Predicting DataLoader 0:  66%|██████▋   | 657/989 [00:23<00:11, 27.98it/s]
Predicting DataLoader 0:  67%|██████▋   | 658/989 [00:23<00:11, 27.98it/s]
Predicting DataLoader 0:  67%|██████▋   | 659/989 [00:23<00:11, 27.97it/s]
Predicting DataLoader 0:  67%|██████▋   | 660/989 [00:23<00:11, 27.97it/s]
Predicting DataLoader 0:  67%|██████▋   | 661/989 [00:23<00:11, 27.97it/s]
Predicting DataLoader 0:  67%|██████▋   | 662/989 [00:23<00:11, 27.97it/s]
Predicting DataLoader 0:  67%|██████▋   | 663/989 [00:23<00:11, 27.97it/s]
Predicting DataLoader 0:  67%|██████▋   | 664/989 [00:23<00:11, 27.97it/s]
Predicting DataLoader 0:  67%|██████▋   | 665/989 [00:23<00:11, 27.97it/s]
Predicting DataLoader 0:  67%|██████▋   | 666/989 [00:23<00:11, 27.96it/s]
Predicting DataLoader 0:  67%|██████▋   | 667/989 [00:23<00:11, 27.96it/s]
Predicting DataLoader 0:  68%|██████▊   | 668/989 [00:23<00:11, 27.95it/s]
Predicting DataLoader 0:  68%|██████▊   | 669/989 [00:23<00:11, 27.95it/s]
Predicting DataLoader 0:  68%|██████▊   | 670/989 [00:23<00:11, 27.95it/s]
Predicting DataLoader 0:  68%|██████▊   | 671/989 [00:24<00:11, 27.95it/s]
Predicting DataLoader 0:  68%|██████▊   | 672/989 [00:24<00:11, 27.95it/s]
Predicting DataLoader 0:  68%|██████▊   | 673/989 [00:24<00:11, 27.94it/s]
Predicting DataLoader 0:  68%|██████▊   | 674/989 [00:24<00:11, 27.95it/s]
Predicting DataLoader 0:  68%|██████▊   | 675/989 [00:24<00:11, 27.95it/s]
Predicting DataLoader 0:  68%|██████▊   | 676/989 [00:24<00:11, 27.95it/s]
Predicting DataLoader 0:  68%|██████▊   | 677/989 [00:24<00:11, 27.95it/s]
Predicting DataLoader 0:  69%|██████▊   | 678/989 [00:24<00:11, 27.95it/s]
Predicting DataLoader 0:  69%|██████▊   | 679/989 [00:24<00:11, 27.95it/s]
Predicting DataLoader 0:  69%|██████▉   | 680/989 [00:24<00:11, 27.94it/s]
Predicting DataLoader 0:  69%|██████▉   | 681/989 [00:24<00:11, 27.94it/s]
Predicting DataLoader 0:  69%|██████▉   | 682/989 [00:24<00:10, 27.94it/s]
Predicting DataLoader 0:  69%|██████▉   | 683/989 [00:24<00:10, 27.94it/s]
Predicting DataLoader 0:  69%|██████▉   | 684/989 [00:24<00:10, 27.94it/s]
Predicting DataLoader 0:  69%|██████▉   | 685/989 [00:24<00:10, 27.93it/s]
Predicting DataLoader 0:  69%|██████▉   | 686/989 [00:24<00:10, 27.93it/s]
Predicting DataLoader 0:  69%|██████▉   | 687/989 [00:24<00:10, 27.93it/s]
Predicting DataLoader 0:  70%|██████▉   | 688/989 [00:24<00:10, 27.92it/s]
Predicting DataLoader 0:  70%|██████▉   | 689/989 [00:24<00:10, 27.92it/s]
Predicting DataLoader 0:  70%|██████▉   | 690/989 [00:24<00:10, 27.92it/s]
Predicting DataLoader 0:  70%|██████▉   | 691/989 [00:24<00:10, 27.92it/s]
Predicting DataLoader 0:  70%|██████▉   | 692/989 [00:24<00:10, 27.92it/s]
Predicting DataLoader 0:  70%|███████   | 693/989 [00:24<00:10, 27.92it/s]
Predicting DataLoader 0:  70%|███████   | 694/989 [00:24<00:10, 27.92it/s]
Predicting DataLoader 0:  70%|███████   | 695/989 [00:24<00:10, 27.92it/s]
Predicting DataLoader 0:  70%|███████   | 696/989 [00:24<00:10, 27.91it/s]
Predicting DataLoader 0:  70%|███████   | 697/989 [00:24<00:10, 27.91it/s]
Predicting DataLoader 0:  71%|███████   | 698/989 [00:25<00:10, 27.90it/s]
Predicting DataLoader 0:  71%|███████   | 699/989 [00:25<00:10, 27.90it/s]
Predicting DataLoader 0:  71%|███████   | 700/989 [00:25<00:10, 27.90it/s]
Predicting DataLoader 0:  71%|███████   | 701/989 [00:25<00:10, 27.90it/s]
Predicting DataLoader 0:  71%|███████   | 702/989 [00:25<00:10, 27.90it/s]
Predicting DataLoader 0:  71%|███████   | 703/989 [00:25<00:10, 27.72it/s]
Predicting DataLoader 0:  71%|███████   | 704/989 [00:25<00:10, 27.72it/s]
Predicting DataLoader 0:  71%|███████▏  | 705/989 [00:25<00:10, 27.72it/s]
Predicting DataLoader 0:  71%|███████▏  | 706/989 [00:25<00:10, 27.72it/s]
Predicting DataLoader 0:  71%|███████▏  | 707/989 [00:25<00:10, 27.71it/s]
Predicting DataLoader 0:  72%|███████▏  | 708/989 [00:25<00:10, 27.71it/s]
Predicting DataLoader 0:  72%|███████▏  | 709/989 [00:25<00:10, 27.70it/s]
Predicting DataLoader 0:  72%|███████▏  | 710/989 [00:25<00:10, 27.69it/s]
Predicting DataLoader 0:  72%|███████▏  | 711/989 [00:25<00:10, 27.69it/s]
Predicting DataLoader 0:  72%|███████▏  | 712/989 [00:25<00:10, 27.68it/s]
Predicting DataLoader 0:  72%|███████▏  | 713/989 [00:25<00:09, 27.67it/s]
Predicting DataLoader 0:  72%|███████▏  | 714/989 [00:25<00:09, 27.67it/s]
Predicting DataLoader 0:  72%|███████▏  | 715/989 [00:25<00:09, 27.68it/s]
Predicting DataLoader 0:  72%|███████▏  | 716/989 [00:25<00:09, 27.67it/s]
Predicting DataLoader 0:  72%|███████▏  | 717/989 [00:25<00:09, 27.67it/s]
Predicting DataLoader 0:  73%|███████▎  | 718/989 [00:25<00:09, 27.67it/s]
Predicting DataLoader 0:  73%|███████▎  | 719/989 [00:25<00:09, 27.67it/s]
Predicting DataLoader 0:  73%|███████▎  | 720/989 [00:26<00:09, 27.67it/s]
Predicting DataLoader 0:  73%|███████▎  | 721/989 [00:26<00:09, 27.67it/s]
Predicting DataLoader 0:  73%|███████▎  | 722/989 [00:26<00:09, 27.66it/s]
Predicting DataLoader 0:  73%|███████▎  | 723/989 [00:26<00:09, 27.65it/s]
Predicting DataLoader 0:  73%|███████▎  | 724/989 [00:26<00:09, 27.66it/s]
Predicting DataLoader 0:  73%|███████▎  | 725/989 [00:26<00:09, 27.66it/s]
Predicting DataLoader 0:  73%|███████▎  | 726/989 [00:26<00:09, 27.66it/s]
Predicting DataLoader 0:  74%|███████▎  | 727/989 [00:26<00:09, 27.66it/s]
Predicting DataLoader 0:  74%|███████▎  | 728/989 [00:26<00:09, 27.66it/s]
Predicting DataLoader 0:  74%|███████▎  | 729/989 [00:26<00:09, 27.66it/s]
Predicting DataLoader 0:  74%|███████▍  | 730/989 [00:26<00:09, 27.66it/s]
Predicting DataLoader 0:  74%|███████▍  | 731/989 [00:26<00:09, 27.66it/s]
Predicting DataLoader 0:  74%|███████▍  | 732/989 [00:26<00:09, 27.66it/s]
Predicting DataLoader 0:  74%|███████▍  | 733/989 [00:26<00:09, 27.66it/s]
Predicting DataLoader 0:  74%|███████▍  | 734/989 [00:26<00:09, 27.65it/s]
Predicting DataLoader 0:  74%|███████▍  | 735/989 [00:26<00:09, 27.65it/s]
Predicting DataLoader 0:  74%|███████▍  | 736/989 [00:26<00:09, 27.65it/s]
Predicting DataLoader 0:  75%|███████▍  | 737/989 [00:26<00:09, 27.65it/s]
Predicting DataLoader 0:  75%|███████▍  | 738/989 [00:26<00:09, 27.65it/s]
Predicting DataLoader 0:  75%|███████▍  | 739/989 [00:26<00:09, 27.65it/s]
Predicting DataLoader 0:  75%|███████▍  | 740/989 [00:26<00:09, 27.65it/s]
Predicting DataLoader 0:  75%|███████▍  | 741/989 [00:26<00:08, 27.65it/s]
Predicting DataLoader 0:  75%|███████▌  | 742/989 [00:26<00:08, 27.64it/s]
Predicting DataLoader 0:  75%|███████▌  | 743/989 [00:26<00:08, 27.64it/s]
Predicting DataLoader 0:  75%|███████▌  | 744/989 [00:26<00:08, 27.64it/s]
Predicting DataLoader 0:  75%|███████▌  | 745/989 [00:26<00:08, 27.64it/s]
Predicting DataLoader 0:  75%|███████▌  | 746/989 [00:26<00:08, 27.63it/s]
Predicting DataLoader 0:  76%|███████▌  | 747/989 [00:27<00:08, 27.63it/s]
Predicting DataLoader 0:  76%|███████▌  | 748/989 [00:27<00:08, 27.62it/s]
Predicting DataLoader 0:  76%|███████▌  | 749/989 [00:27<00:08, 27.62it/s]
Predicting DataLoader 0:  76%|███████▌  | 750/989 [00:27<00:08, 27.62it/s]
Predicting DataLoader 0:  76%|███████▌  | 751/989 [00:27<00:08, 27.62it/s]
Predicting DataLoader 0:  76%|███████▌  | 752/989 [00:27<00:08, 27.62it/s]
Predicting DataLoader 0:  76%|███████▌  | 753/989 [00:27<00:08, 27.63it/s]
Predicting DataLoader 0:  76%|███████▌  | 754/989 [00:27<00:08, 27.63it/s]
Predicting DataLoader 0:  76%|███████▋  | 755/989 [00:27<00:08, 27.63it/s]
Predicting DataLoader 0:  76%|███████▋  | 756/989 [00:27<00:08, 27.63it/s]
Predicting DataLoader 0:  77%|███████▋  | 757/989 [00:27<00:08, 27.63it/s]
Predicting DataLoader 0:  77%|███████▋  | 758/989 [00:27<00:08, 27.62it/s]
Predicting DataLoader 0:  77%|███████▋  | 759/989 [00:27<00:08, 27.62it/s]
Predicting DataLoader 0:  77%|███████▋  | 760/989 [00:27<00:08, 27.62it/s]
Predicting DataLoader 0:  77%|███████▋  | 761/989 [00:27<00:08, 27.61it/s]
Predicting DataLoader 0:  77%|███████▋  | 762/989 [00:27<00:08, 27.61it/s]
Predicting DataLoader 0:  77%|███████▋  | 763/989 [00:27<00:08, 27.61it/s]
Predicting DataLoader 0:  77%|███████▋  | 764/989 [00:27<00:08, 27.61it/s]
Predicting DataLoader 0:  77%|███████▋  | 765/989 [00:27<00:08, 27.60it/s]
Predicting DataLoader 0:  77%|███████▋  | 766/989 [00:27<00:08, 27.60it/s]
Predicting DataLoader 0:  78%|███████▊  | 767/989 [00:27<00:08, 27.60it/s]
Predicting DataLoader 0:  78%|███████▊  | 768/989 [00:27<00:08, 27.60it/s]
Predicting DataLoader 0:  78%|███████▊  | 769/989 [00:27<00:07, 27.60it/s]
Predicting DataLoader 0:  78%|███████▊  | 770/989 [00:27<00:07, 27.60it/s]
Predicting DataLoader 0:  78%|███████▊  | 771/989 [00:27<00:07, 27.60it/s]
Predicting DataLoader 0:  78%|███████▊  | 772/989 [00:27<00:07, 27.59it/s]
Predicting DataLoader 0:  78%|███████▊  | 773/989 [00:28<00:07, 27.59it/s]
Predicting DataLoader 0:  78%|███████▊  | 774/989 [00:28<00:07, 27.59it/s]
Predicting DataLoader 0:  78%|███████▊  | 775/989 [00:28<00:07, 27.59it/s]
Predicting DataLoader 0:  78%|███████▊  | 776/989 [00:28<00:07, 27.59it/s]
Predicting DataLoader 0:  79%|███████▊  | 777/989 [00:28<00:07, 27.59it/s]
Predicting DataLoader 0:  79%|███████▊  | 778/989 [00:28<00:07, 27.60it/s]
Predicting DataLoader 0:  79%|███████▉  | 779/989 [00:28<00:07, 27.59it/s]
Predicting DataLoader 0:  79%|███████▉  | 780/989 [00:28<00:07, 27.59it/s]
Predicting DataLoader 0:  79%|███████▉  | 781/989 [00:28<00:07, 27.59it/s]
Predicting DataLoader 0:  79%|███████▉  | 782/989 [00:28<00:07, 27.60it/s]
Predicting DataLoader 0:  79%|███████▉  | 783/989 [00:28<00:07, 27.60it/s]
Predicting DataLoader 0:  79%|███████▉  | 784/989 [00:28<00:07, 27.60it/s]
Predicting DataLoader 0:  79%|███████▉  | 785/989 [00:28<00:07, 27.61it/s]
Predicting DataLoader 0:  79%|███████▉  | 786/989 [00:28<00:07, 27.61it/s]
Predicting DataLoader 0:  80%|███████▉  | 787/989 [00:28<00:07, 27.60it/s]
Predicting DataLoader 0:  80%|███████▉  | 788/989 [00:28<00:07, 27.61it/s]
Predicting DataLoader 0:  80%|███████▉  | 789/989 [00:28<00:07, 27.60it/s]
Predicting DataLoader 0:  80%|███████▉  | 790/989 [00:28<00:07, 27.60it/s]
Predicting DataLoader 0:  80%|███████▉  | 791/989 [00:28<00:07, 27.60it/s]
Predicting DataLoader 0:  80%|████████  | 792/989 [00:28<00:07, 27.60it/s]
Predicting DataLoader 0:  80%|████████  | 793/989 [00:28<00:07, 27.60it/s]
Predicting DataLoader 0:  80%|████████  | 794/989 [00:28<00:07, 27.59it/s]
Predicting DataLoader 0:  80%|████████  | 795/989 [00:28<00:07, 27.59it/s]
Predicting DataLoader 0:  80%|████████  | 796/989 [00:28<00:06, 27.59it/s]
Predicting DataLoader 0:  81%|████████  | 797/989 [00:28<00:06, 27.59it/s]
Predicting DataLoader 0:  81%|████████  | 798/989 [00:28<00:06, 27.59it/s]
Predicting DataLoader 0:  81%|████████  | 799/989 [00:28<00:06, 27.59it/s]
Predicting DataLoader 0:  81%|████████  | 800/989 [00:28<00:06, 27.59it/s]
Predicting DataLoader 0:  81%|████████  | 801/989 [00:29<00:06, 27.59it/s]
Predicting DataLoader 0:  81%|████████  | 802/989 [00:29<00:06, 27.58it/s]
Predicting DataLoader 0:  81%|████████  | 803/989 [00:29<00:06, 27.58it/s]
Predicting DataLoader 0:  81%|████████▏ | 804/989 [00:29<00:06, 27.57it/s]
Predicting DataLoader 0:  81%|████████▏ | 805/989 [00:29<00:06, 27.57it/s]
Predicting DataLoader 0:  81%|████████▏ | 806/989 [00:29<00:06, 27.57it/s]
Predicting DataLoader 0:  82%|████████▏ | 807/989 [00:29<00:06, 27.57it/s]
Predicting DataLoader 0:  82%|████████▏ | 808/989 [00:29<00:06, 27.57it/s]
Predicting DataLoader 0:  82%|████████▏ | 809/989 [00:29<00:06, 27.57it/s]
Predicting DataLoader 0:  82%|████████▏ | 810/989 [00:29<00:06, 27.57it/s]
Predicting DataLoader 0:  82%|████████▏ | 811/989 [00:29<00:06, 27.57it/s]
Predicting DataLoader 0:  82%|████████▏ | 812/989 [00:29<00:06, 27.56it/s]
Predicting DataLoader 0:  82%|████████▏ | 813/989 [00:29<00:06, 27.56it/s]
Predicting DataLoader 0:  82%|████████▏ | 814/989 [00:29<00:06, 27.56it/s]
Predicting DataLoader 0:  82%|████████▏ | 815/989 [00:29<00:06, 27.56it/s]
Predicting DataLoader 0:  83%|████████▎ | 816/989 [00:29<00:06, 27.55it/s]
Predicting DataLoader 0:  83%|████████▎ | 817/989 [00:29<00:06, 27.56it/s]
Predicting DataLoader 0:  83%|████████▎ | 818/989 [00:29<00:06, 27.56it/s]
Predicting DataLoader 0:  83%|████████▎ | 819/989 [00:29<00:06, 27.57it/s]
Predicting DataLoader 0:  83%|████████▎ | 820/989 [00:29<00:06, 27.56it/s]
Predicting DataLoader 0:  83%|████████▎ | 821/989 [00:29<00:06, 27.56it/s]
Predicting DataLoader 0:  83%|████████▎ | 822/989 [00:29<00:06, 27.56it/s]
Predicting DataLoader 0:  83%|████████▎ | 823/989 [00:29<00:06, 27.56it/s]
Predicting DataLoader 0:  83%|████████▎ | 824/989 [00:29<00:05, 27.56it/s]
Predicting DataLoader 0:  83%|████████▎ | 825/989 [00:29<00:05, 27.56it/s]
Predicting DataLoader 0:  84%|████████▎ | 826/989 [00:29<00:05, 27.56it/s]
Predicting DataLoader 0:  84%|████████▎ | 827/989 [00:30<00:05, 27.56it/s]
Predicting DataLoader 0:  84%|████████▎ | 828/989 [00:30<00:05, 27.56it/s]
Predicting DataLoader 0:  84%|████████▍ | 829/989 [00:30<00:05, 27.56it/s]
Predicting DataLoader 0:  84%|████████▍ | 830/989 [00:30<00:05, 27.56it/s]
Predicting DataLoader 0:  84%|████████▍ | 831/989 [00:30<00:05, 27.56it/s]
Predicting DataLoader 0:  84%|████████▍ | 832/989 [00:30<00:05, 27.55it/s]
Predicting DataLoader 0:  84%|████████▍ | 833/989 [00:30<00:05, 27.55it/s]
Predicting DataLoader 0:  84%|████████▍ | 834/989 [00:30<00:05, 27.55it/s]
Predicting DataLoader 0:  84%|████████▍ | 835/989 [00:30<00:05, 27.56it/s]
Predicting DataLoader 0:  85%|████████▍ | 836/989 [00:30<00:05, 27.56it/s]
Predicting DataLoader 0:  85%|████████▍ | 837/989 [00:30<00:05, 27.55it/s]
Predicting DataLoader 0:  85%|████████▍ | 838/989 [00:30<00:05, 27.55it/s]
Predicting DataLoader 0:  85%|████████▍ | 839/989 [00:30<00:05, 27.54it/s]
Predicting DataLoader 0:  85%|████████▍ | 840/989 [00:30<00:05, 27.54it/s]
Predicting DataLoader 0:  85%|████████▌ | 841/989 [00:30<00:05, 27.54it/s]
Predicting DataLoader 0:  85%|████████▌ | 842/989 [00:30<00:05, 27.54it/s]
Predicting DataLoader 0:  85%|████████▌ | 843/989 [00:30<00:05, 27.54it/s]
Predicting DataLoader 0:  85%|████████▌ | 844/989 [00:30<00:05, 27.54it/s]
Predicting DataLoader 0:  85%|████████▌ | 845/989 [00:30<00:05, 27.54it/s]
Predicting DataLoader 0:  86%|████████▌ | 846/989 [00:30<00:05, 27.54it/s]
Predicting DataLoader 0:  86%|████████▌ | 847/989 [00:30<00:05, 27.55it/s]
Predicting DataLoader 0:  86%|████████▌ | 848/989 [00:30<00:05, 27.55it/s]
Predicting DataLoader 0:  86%|████████▌ | 849/989 [00:30<00:05, 27.55it/s]
Predicting DataLoader 0:  86%|████████▌ | 850/989 [00:30<00:05, 27.55it/s]
Predicting DataLoader 0:  86%|████████▌ | 851/989 [00:30<00:05, 27.55it/s]
Predicting DataLoader 0:  86%|████████▌ | 852/989 [00:30<00:04, 27.55it/s]
Predicting DataLoader 0:  86%|████████▌ | 853/989 [00:30<00:04, 27.55it/s]
Predicting DataLoader 0:  86%|████████▋ | 854/989 [00:31<00:04, 27.55it/s]
Predicting DataLoader 0:  86%|████████▋ | 855/989 [00:31<00:04, 27.54it/s]
Predicting DataLoader 0:  87%|████████▋ | 856/989 [00:31<00:04, 27.54it/s]
Predicting DataLoader 0:  87%|████████▋ | 857/989 [00:31<00:04, 27.55it/s]
Predicting DataLoader 0:  87%|████████▋ | 858/989 [00:31<00:04, 27.54it/s]
Predicting DataLoader 0:  87%|████████▋ | 859/989 [00:31<00:04, 27.54it/s]
Predicting DataLoader 0:  87%|████████▋ | 860/989 [00:31<00:04, 27.54it/s]
Predicting DataLoader 0:  87%|████████▋ | 861/989 [00:31<00:04, 27.54it/s]
Predicting DataLoader 0:  87%|████████▋ | 862/989 [00:31<00:04, 27.54it/s]
Predicting DataLoader 0:  87%|████████▋ | 863/989 [00:31<00:04, 27.55it/s]
Predicting DataLoader 0:  87%|████████▋ | 864/989 [00:31<00:04, 27.55it/s]
Predicting DataLoader 0:  87%|████████▋ | 865/989 [00:31<00:04, 27.55it/s]
Predicting DataLoader 0:  88%|████████▊ | 866/989 [00:31<00:04, 27.54it/s]
Predicting DataLoader 0:  88%|████████▊ | 867/989 [00:31<00:04, 27.54it/s]
Predicting DataLoader 0:  88%|████████▊ | 868/989 [00:31<00:04, 27.54it/s]
Predicting DataLoader 0:  88%|████████▊ | 869/989 [00:31<00:04, 27.54it/s]
Predicting DataLoader 0:  88%|████████▊ | 870/989 [00:31<00:04, 27.54it/s]
Predicting DataLoader 0:  88%|████████▊ | 871/989 [00:31<00:04, 27.54it/s]
Predicting DataLoader 0:  88%|████████▊ | 872/989 [00:31<00:04, 27.54it/s]
Predicting DataLoader 0:  88%|████████▊ | 873/989 [00:31<00:04, 27.54it/s]
Predicting DataLoader 0:  88%|████████▊ | 874/989 [00:31<00:04, 27.54it/s]
Predicting DataLoader 0:  88%|████████▊ | 875/989 [00:31<00:04, 27.54it/s]
Predicting DataLoader 0:  89%|████████▊ | 876/989 [00:31<00:04, 27.53it/s]
Predicting DataLoader 0:  89%|████████▊ | 877/989 [00:31<00:04, 27.53it/s]
Predicting DataLoader 0:  89%|████████▉ | 878/989 [00:31<00:04, 27.53it/s]
Predicting DataLoader 0:  89%|████████▉ | 879/989 [00:31<00:03, 27.53it/s]
Predicting DataLoader 0:  89%|████████▉ | 880/989 [00:31<00:03, 27.53it/s]
Predicting DataLoader 0:  89%|████████▉ | 881/989 [00:31<00:03, 27.53it/s]
Predicting DataLoader 0:  89%|████████▉ | 882/989 [00:32<00:03, 27.53it/s]
Predicting DataLoader 0:  89%|████████▉ | 883/989 [00:32<00:03, 27.53it/s]
Predicting DataLoader 0:  89%|████████▉ | 884/989 [00:32<00:03, 27.53it/s]
Predicting DataLoader 0:  89%|████████▉ | 885/989 [00:32<00:03, 27.53it/s]
Predicting DataLoader 0:  90%|████████▉ | 886/989 [00:32<00:03, 27.53it/s]
Predicting DataLoader 0:  90%|████████▉ | 887/989 [00:32<00:03, 27.53it/s]
Predicting DataLoader 0:  90%|████████▉ | 888/989 [00:32<00:03, 27.53it/s]
Predicting DataLoader 0:  90%|████████▉ | 889/989 [00:32<00:03, 27.53it/s]
Predicting DataLoader 0:  90%|████████▉ | 890/989 [00:32<00:03, 27.53it/s]
Predicting DataLoader 0:  90%|█████████ | 891/989 [00:32<00:03, 27.53it/s]
Predicting DataLoader 0:  90%|█████████ | 892/989 [00:32<00:03, 27.53it/s]
Predicting DataLoader 0:  90%|█████████ | 893/989 [00:32<00:03, 27.53it/s]
Predicting DataLoader 0:  90%|█████████ | 894/989 [00:32<00:03, 27.52it/s]
Predicting DataLoader 0:  90%|█████████ | 895/989 [00:32<00:03, 27.52it/s]
Predicting DataLoader 0:  91%|█████████ | 896/989 [00:32<00:03, 27.52it/s]
Predicting DataLoader 0:  91%|█████████ | 897/989 [00:32<00:03, 27.51it/s]
Predicting DataLoader 0:  91%|█████████ | 898/989 [00:32<00:03, 27.51it/s]
Predicting DataLoader 0:  91%|█████████ | 899/989 [00:32<00:03, 27.51it/s]
Predicting DataLoader 0:  91%|█████████ | 900/989 [00:32<00:03, 27.51it/s]
Predicting DataLoader 0:  91%|█████████ | 901/989 [00:32<00:03, 27.51it/s]
Predicting DataLoader 0:  91%|█████████ | 902/989 [00:32<00:03, 27.51it/s]
Predicting DataLoader 0:  91%|█████████▏| 903/989 [00:32<00:03, 27.51it/s]
Predicting DataLoader 0:  91%|█████████▏| 904/989 [00:32<00:03, 27.51it/s]
Predicting DataLoader 0:  92%|█████████▏| 905/989 [00:32<00:03, 27.50it/s]
Predicting DataLoader 0:  92%|█████████▏| 906/989 [00:32<00:03, 27.50it/s]
Predicting DataLoader 0:  92%|█████████▏| 907/989 [00:32<00:02, 27.50it/s]
Predicting DataLoader 0:  92%|█████████▏| 908/989 [00:33<00:02, 27.50it/s]
Predicting DataLoader 0:  92%|█████████▏| 909/989 [00:33<00:02, 27.49it/s]
Predicting DataLoader 0:  92%|█████████▏| 910/989 [00:33<00:02, 27.49it/s]
Predicting DataLoader 0:  92%|█████████▏| 911/989 [00:33<00:02, 27.49it/s]
Predicting DataLoader 0:  92%|█████████▏| 912/989 [00:33<00:02, 27.49it/s]
Predicting DataLoader 0:  92%|█████████▏| 913/989 [00:33<00:02, 27.48it/s]
Predicting DataLoader 0:  92%|█████████▏| 914/989 [00:33<00:02, 27.49it/s]
Predicting DataLoader 0:  93%|█████████▎| 915/989 [00:33<00:02, 27.49it/s]
Predicting DataLoader 0:  93%|█████████▎| 916/989 [00:33<00:02, 27.49it/s]
Predicting DataLoader 0:  93%|█████████▎| 917/989 [00:33<00:02, 27.48it/s]
Predicting DataLoader 0:  93%|█████████▎| 918/989 [00:33<00:02, 27.48it/s]
Predicting DataLoader 0:  93%|█████████▎| 919/989 [00:33<00:02, 27.48it/s]
Predicting DataLoader 0:  93%|█████████▎| 920/989 [00:33<00:02, 27.48it/s]
Predicting DataLoader 0:  93%|█████████▎| 921/989 [00:33<00:02, 27.48it/s]
Predicting DataLoader 0:  93%|█████████▎| 922/989 [00:33<00:02, 27.48it/s]
Predicting DataLoader 0:  93%|█████████▎| 923/989 [00:33<00:02, 27.48it/s]
Predicting DataLoader 0:  93%|█████████▎| 924/989 [00:33<00:02, 27.49it/s]
Predicting DataLoader 0:  94%|█████████▎| 925/989 [00:33<00:02, 27.49it/s]
Predicting DataLoader 0:  94%|█████████▎| 926/989 [00:33<00:02, 27.48it/s]
Predicting DataLoader 0:  94%|█████████▎| 927/989 [00:33<00:02, 27.49it/s]
Predicting DataLoader 0:  94%|█████████▍| 928/989 [00:33<00:02, 27.49it/s]
Predicting DataLoader 0:  94%|█████████▍| 929/989 [00:33<00:02, 27.48it/s]
Predicting DataLoader 0:  94%|█████████▍| 930/989 [00:33<00:02, 27.48it/s]
Predicting DataLoader 0:  94%|█████████▍| 931/989 [00:33<00:02, 27.48it/s]
Predicting DataLoader 0:  94%|█████████▍| 932/989 [00:33<00:02, 27.48it/s]
Predicting DataLoader 0:  94%|█████████▍| 933/989 [00:33<00:02, 27.48it/s]
Predicting DataLoader 0:  94%|█████████▍| 934/989 [00:33<00:02, 27.48it/s]
Predicting DataLoader 0:  95%|█████████▍| 935/989 [00:34<00:01, 27.49it/s]
Predicting DataLoader 0:  95%|█████████▍| 936/989 [00:34<00:01, 27.49it/s]
Predicting DataLoader 0:  95%|█████████▍| 937/989 [00:34<00:01, 27.48it/s]
Predicting DataLoader 0:  95%|█████████▍| 938/989 [00:34<00:01, 27.48it/s]
Predicting DataLoader 0:  95%|█████████▍| 939/989 [00:34<00:01, 27.48it/s]
Predicting DataLoader 0:  95%|█████████▌| 940/989 [00:34<00:01, 27.48it/s]
Predicting DataLoader 0:  95%|█████████▌| 941/989 [00:34<00:01, 27.48it/s]
Predicting DataLoader 0:  95%|█████████▌| 942/989 [00:34<00:01, 27.48it/s]
Predicting DataLoader 0:  95%|█████████▌| 943/989 [00:34<00:01, 27.48it/s]
Predicting DataLoader 0:  95%|█████████▌| 944/989 [00:34<00:01, 27.49it/s]
Predicting DataLoader 0:  96%|█████████▌| 945/989 [00:34<00:01, 27.48it/s]
Predicting DataLoader 0:  96%|█████████▌| 946/989 [00:34<00:01, 27.48it/s]
Predicting DataLoader 0:  96%|█████████▌| 947/989 [00:34<00:01, 27.48it/s]
Predicting DataLoader 0:  96%|█████████▌| 948/989 [00:34<00:01, 27.48it/s]
Predicting DataLoader 0:  96%|█████████▌| 949/989 [00:34<00:01, 27.48it/s]
Predicting DataLoader 0:  96%|█████████▌| 950/989 [00:34<00:01, 27.48it/s]
Predicting DataLoader 0:  96%|█████████▌| 951/989 [00:34<00:01, 27.48it/s]
Predicting DataLoader 0:  96%|█████████▋| 952/989 [00:34<00:01, 27.48it/s]
Predicting DataLoader 0:  96%|█████████▋| 953/989 [00:34<00:01, 27.47it/s]
Predicting DataLoader 0:  96%|█████████▋| 954/989 [00:34<00:01, 27.48it/s]
Predicting DataLoader 0:  97%|█████████▋| 955/989 [00:34<00:01, 27.48it/s]
Predicting DataLoader 0:  97%|█████████▋| 956/989 [00:34<00:01, 27.48it/s]
Predicting DataLoader 0:  97%|█████████▋| 957/989 [00:34<00:01, 27.48it/s]
Predicting DataLoader 0:  97%|█████████▋| 958/989 [00:34<00:01, 27.48it/s]
Predicting DataLoader 0:  97%|█████████▋| 959/989 [00:34<00:01, 27.48it/s]
Predicting DataLoader 0:  97%|█████████▋| 960/989 [00:34<00:01, 27.48it/s]
Predicting DataLoader 0:  97%|█████████▋| 961/989 [00:34<00:01, 27.47it/s]
Predicting DataLoader 0:  97%|█████████▋| 962/989 [00:35<00:00, 27.47it/s]
Predicting DataLoader 0:  97%|█████████▋| 963/989 [00:35<00:00, 27.47it/s]
Predicting DataLoader 0:  97%|█████████▋| 964/989 [00:35<00:00, 27.47it/s]
Predicting DataLoader 0:  98%|█████████▊| 965/989 [00:35<00:00, 27.47it/s]
Predicting DataLoader 0:  98%|█████████▊| 966/989 [00:35<00:00, 27.46it/s]
Predicting DataLoader 0:  98%|█████████▊| 967/989 [00:35<00:00, 27.46it/s]
Predicting DataLoader 0:  98%|█████████▊| 968/989 [00:35<00:00, 27.46it/s]
Predicting DataLoader 0:  98%|█████████▊| 969/989 [00:35<00:00, 27.45it/s]
Predicting DataLoader 0:  98%|█████████▊| 970/989 [00:35<00:00, 27.45it/s]
Predicting DataLoader 0:  98%|█████████▊| 971/989 [00:35<00:00, 27.45it/s]
Predicting DataLoader 0:  98%|█████████▊| 972/989 [00:35<00:00, 27.45it/s]
Predicting DataLoader 0:  98%|█████████▊| 973/989 [00:35<00:00, 27.44it/s]
Predicting DataLoader 0:  98%|█████████▊| 974/989 [00:35<00:00, 27.44it/s]
Predicting DataLoader 0:  99%|█████████▊| 975/989 [00:35<00:00, 27.44it/s]
Predicting DataLoader 0:  99%|█████████▊| 976/989 [00:35<00:00, 27.44it/s]
Predicting DataLoader 0:  99%|█████████▉| 977/989 [00:35<00:00, 27.44it/s]
Predicting DataLoader 0:  99%|█████████▉| 978/989 [00:35<00:00, 27.44it/s]
Predicting DataLoader 0:  99%|█████████▉| 979/989 [00:35<00:00, 27.44it/s]
Predicting DataLoader 0:  99%|█████████▉| 980/989 [00:35<00:00, 27.44it/s]
Predicting DataLoader 0:  99%|█████████▉| 981/989 [00:35<00:00, 27.44it/s]
Predicting DataLoader 0:  99%|█████████▉| 982/989 [00:35<00:00, 27.44it/s]
Predicting DataLoader 0:  99%|█████████▉| 983/989 [00:35<00:00, 27.44it/s]
Predicting DataLoader 0:  99%|█████████▉| 984/989 [00:35<00:00, 27.44it/s]
Predicting DataLoader 0: 100%|█████████▉| 985/989 [00:35<00:00, 27.44it/s]
Predicting DataLoader 0: 100%|█████████▉| 986/989 [00:35<00:00, 27.44it/s]
Predicting DataLoader 0: 100%|█████████▉| 987/989 [00:35<00:00, 27.44it/s]
Predicting DataLoader 0: 100%|█████████▉| 988/989 [00:36<00:00, 27.44it/s]
Predicting DataLoader 0: 100%|██████████| 989/989 [00:36<00:00, 27.45it/s]
Predicting DataLoader 0: 100%|██████████| 989/989 [00:36<00:00, 27.45it/s]



(automl)  ddp@dell-Precision-7920-Tower-0  ~/nlp/github/paper/mypaper_code/automl/tasks/californiahousing  ↱ main ±  python -u ag_californiahousing.py > /home/ddp/nlp/github/paper/mypaper_code/automl/logs/ag_californiahousing.log
2024-03-06 18:30:01.432551: I tensorflow/core/util/port.cc:113] oneDNN custom operations are on. You may see slightly different numerical results due to floating-point round-off errors from different computation orders. To turn them off, set the environment variable `TF_ENABLE_ONEDNN_OPTS=0`.
2024-03-06 18:30:01.482829: E external/local_xla/xla/stream_executor/cuda/cuda_dnn.cc:9261] Unable to register cuDNN factory: Attempting to register factory for plugin cuDNN when one has already been registered
2024-03-06 18:30:01.482872: E external/local_xla/xla/stream_executor/cuda/cuda_fft.cc:607] Unable to register cuFFT factory: Attempting to register factory for plugin cuFFT when one has already been registered
2024-03-06 18:30:01.484458: E external/local_xla/xla/stream_executor/cuda/cuda_blas.cc:1515] Unable to register cuBLAS factory: Attempting to register factory for plugin cuBLAS when one has already been registered
2024-03-06 18:30:01.493032: I tensorflow/core/platform/cpu_feature_guard.cc:182] This TensorFlow binary is optimized to use available CPU instructions in performance-critical operations.
To enable the following instructions: AVX2 AVX512F AVX512_VNNI FMA, in other operations, rebuild TensorFlow with the appropriate compiler flags.
2024-03-06 18:30:02.452217: W tensorflow/compiler/tf2tensorrt/utils/py_utils.cc:38] TF-TRT Warning: Could not find TensorRT
/home/ddp/anaconda3/envs/automl/lib/python3.10/site-packages/pandas/core/arraylike.py:396: RuntimeWarning: divide by zero encountered in log
  result = getattr(ufunc, method)(*inputs, **kwargs)
/home/ddp/anaconda3/envs/automl/lib/python3.10/site-packages/pandas/core/arraylike.py:396: RuntimeWarning: divide by zero encountered in log
  result = getattr(ufunc, method)(*inputs, **kwargs)
Warning: path already exists! This predictor may overwrite an existing predictor! path="/home/ddp/nlp/github/paper/mypaper_code/automl/data/california-house-prices/submission"
No presets specified! To achieve strong results with AutoGluon, it is recommended to use the available presets.
        Recommended Presets (For more details refer to https://auto.gluon.ai/stable/tutorials/tabular/tabular-essentials.html#presets):
        presets='best_quality'   : Maximize accuracy. Default time_limit=3600.
        presets='high_quality'   : Strong accuracy with fast inference speed. Default time_limit=3600.
        presets='good_quality'   : Good accuracy with very fast inference speed. Default time_limit=3600.
        presets='medium_quality' : Fast training time, ideal for initial prototyping.
Warning: Training may take a very long time because `time_limit` was not specified and `train_data` is large (47439 samples, 106.34 MB).
        Consider setting `time_limit` to ensure training finishes within an expected duration or experiment with a small portion of `train_data` to identify an ideal `presets` and `hyperparameters` configuration.
Beginning AutoGluon training ...
AutoGluon will save models to "/home/ddp/nlp/github/paper/mypaper_code/automl/data/california-house-prices/submission"
=================== System Info ===================
AutoGluon Version:  1.0.0
Python Version:     3.10.13
Operating System:   Linux
Platform Machine:   x86_64
Platform Version:   #63~20.04.1-Ubuntu SMP Wed Nov 30 13:40:16 UTC 2022
CPU Count:          40
Memory Avail:       58.82 GB / 125.55 GB (46.9%)
Disk Space Avail:   22.42 GB / 915.32 GB (2.4%)
===================================================
Train Data Rows:    47439
Train Data Columns: 39
Label Column:       Sold Price
AutoGluon infers your prediction problem is: 'regression' (because dtype of label-column == float and many unique label-values observed).
        Label info (max, min, mean, stddev): (18.31532022829454, 11.517913006481267, 13.73905, 0.79676)
        If 'regression' is not the correct problem_type, please manually specify the problem_type parameter during predictor init (You may specify problem_type as one of: ['binary', 'multiclass', 'regression'])
Problem Type:       regression
Preprocessing data ...
Using Feature Generators to preprocess the data ...
Fitting AutoMLPipelineFeatureGenerator...
        Available Memory:                    60309.24 MB
        Train Data (Original)  Memory Usage: 101.06 MB (0.2% of available memory)
        Inferring data type of each feature based on column values. Set feature_metadata_in to manually specify special dtypes of the features.
        Stage 1 Generators:
                Fitting AsTypeFeatureGenerator...
                        Note: Converting 1 features to boolean dtype as they only contain 2 unique values.
        Stage 2 Generators:
                Fitting FillNaFeatureGenerator...
        Stage 3 Generators:
                Fitting IdentityFeatureGenerator...
                Fitting IdentityFeatureGenerator...
                        Fitting RenameFeatureGenerator...
                Fitting CategoryFeatureGenerator...
                        Fitting CategoryMemoryMinimizeFeatureGenerator...
                Fitting DatetimeFeatureGenerator...
                Fitting TextSpecialFeatureGenerator...
                        Fitting BinnedFeatureGenerator...
                        Fitting DropDuplicatesFeatureGenerator...
                Fitting TextNgramFeatureGenerator...
                        Fitting CountVectorizer for text features: ['Address', 'Summary', 'Heating', 'Cooling', 'Parking', 'Bedrooms', 'Middle School', 'High School', 'Flooring', 'Heating features', 'Cooling features', 'Appliances included', 'Laundry features', 'Parking features']
                        CountVectorizer fit with vocabulary size = 10000
        Stage 4 Generators:
                Fitting DropUniqueFeatureGenerator...
        Stage 5 Generators:
                Fitting DropDuplicatesFeatureGenerator...
        Types of features in original data (raw dtype, special dtypes):
                ('float', [])                      : 17 | ['Year built', 'Lot', 'Bathrooms', 'Full bathrooms', 'Total interior livable area', ...]
                ('int', [])                        :  1 | ['Zip']
                ('object', [])                     :  5 | ['Type', 'Region', 'Elementary School', 'City', 'State']
                ('object', ['datetime_as_object']) :  2 | ['Listed On', 'Last Sold On']
                ('object', ['text'])               : 14 | ['Address', 'Summary', 'Heating', 'Cooling', 'Parking', ...]
        Types of features in processed data (raw dtype, special dtypes):
                ('category', [])                    :    4 | ['Type', 'Region', 'Elementary School', 'City']
                ('category', ['text_as_category'])  :   14 | ['Address', 'Summary', 'Heating', 'Cooling', 'Parking', ...]
                ('float', [])                       :   17 | ['Year built', 'Lot', 'Bathrooms', 'Full bathrooms', 'Total interior livable area', ...]
                ('int', [])                         :    1 | ['Zip']
                ('int', ['binned', 'text_special']) :  169 | ['Address.char_count', 'Address.word_count', 'Address.capital_ratio', 'Address.lower_ratio', 'Address.digit_ratio', ...]
                ('int', ['bool'])                   :    1 | ['State']
                ('int', ['datetime_as_int'])        :   10 | ['Listed On', 'Listed On.year', 'Listed On.month', 'Listed On.day', 'Listed On.dayofweek', ...]
                ('int', ['text_ngram'])             : 8957 | ['__nlp__.00', '__nlp__.000', '__nlp__.000 in', '__nlp__.000 in april', '__nlp__.000 in august', ...]
                ('object', ['text'])                :   14 | ['Address_raw_text', 'Summary_raw_text', 'Heating_raw_text', 'Cooling_raw_text', 'Parking_raw_text', ...]
        123.6s = Fit runtime
        39 features in original data used to generate 9187 features in processed data.
        Train Data (Processed) Memory Usage: 909.24 MB (1.6% of available memory)
Data preprocessing and feature engineering runtime = 129.52s ...
AutoGluon will gauge predictive performance using evaluation metric: 'r2'
        To change this, specify the eval_metric parameter of Predictor()
Automatically generating train/validation split with holdout_frac=0.05269925588650688, Train Rows: 44939, Val Rows: 2500
User-specified model hyperparameters to be fit:
{
        'GBM': [{}, {'extra_trees': True, 'ag_args': {'name_suffix': 'XT'}}],
        'CAT': {},
        'AG_AUTOMM': {'model.names': ['ft_transformer', 'hf_text', 'fusion_transformer'], 'model.hf_text.checkpoint_name': 'google/electra-small-discriminator', 'data.categorical.convert_to_text': False},
}
Fitting 4 L1 models ...
Fitting model: LightGBM ...
        0.9567   = Validation score   (r2)
        39.99s   = Training   runtime
        0.41s    = Validation runtime
Fitting model: LightGBMXT ...
        0.9559   = Validation score   (r2)
        48.9s    = Training   runtime
        0.35s    = Validation runtime
Fitting model: CatBoost ...
        0.9582   = Validation score   (r2)
        523.1s   = Training   runtime
        0.95s    = Validation runtime
Fitting model: MultiModalPredictor ...
Global seed set to 0
Using 16bit Automatic Mixed Precision (AMP)
GPU available: True (cuda), used: True
TPU available: False, using: 0 TPU cores
IPU available: False, using: 0 IPUs
HPU available: False, using: 0 HPUs
You are using a CUDA device ('NVIDIA GeForce RTX 3090') that has Tensor Cores. To properly utilize them, you should set `torch.set_float32_matmul_precision('medium' | 'high')` which will trade-off precision for performance. For more details, read https://pytorch.org/docs/stable/generated/torch.set_float32_matmul_precision.html#torch.set_float32_matmul_precision
LOCAL_RANK: 0 - CUDA_VISIBLE_DEVICES: [0,1]

  | Name              | Type                        | Params
------------------------------------------------------------------
0 | model             | MultimodalFusionTransformer | 15.7 M
1 | validation_metric | R2Score                     | 0
2 | loss_func         | MSELoss                     | 0
------------------------------------------------------------------
15.7 M    Trainable params
0         Non-trainable params
15.7 M    Total params
62.867    Total estimated model params size (MB)
Epoch 0, global step 175: 'val_r2' reached 0.84483 (best 0.84483), saving model to '/home/ddp/nlp/github/paper/mypaper_code/automl/data/california-house-prices/submission/models/MultiModalPredictor/automm_model/epoch=0-step=175.ckpt' as top 3
Epoch 0, global step 352: 'val_r2' reached 0.93369 (best 0.93369), saving model to '/home/ddp/nlp/github/paper/mypaper_code/automl/data/california-house-prices/submission/models/MultiModalPredictor/automm_model/epoch=0-step=352.ckpt' as top 3
Epoch 1, global step 527: 'val_r2' reached 0.93356 (best 0.93369), saving model to '/home/ddp/nlp/github/paper/mypaper_code/automl/data/california-house-prices/submission/models/MultiModalPredictor/automm_model/epoch=1-step=527.ckpt' as top 3
Epoch 1, global step 704: 'val_r2' reached 0.92271 (best 0.93369), saving model to '/home/ddp/nlp/github/paper/mypaper_code/automl/data/california-house-prices/submission/models/MultiModalPredictor/automm_model/epoch=1-step=704.ckpt' as top 3
Epoch 2, global step 879: 'val_r2' reached 0.94688 (best 0.94688), saving model to '/home/ddp/nlp/github/paper/mypaper_code/automl/data/california-house-prices/submission/models/MultiModalPredictor/automm_model/epoch=2-step=879.ckpt' as top 3
Epoch 2, global step 1056: 'val_r2' reached 0.94644 (best 0.94688), saving model to '/home/ddp/nlp/github/paper/mypaper_code/automl/data/california-house-prices/submission/models/MultiModalPredictor/automm_model/epoch=2-step=1056.ckpt' as top 3
Epoch 3, global step 1231: 'val_r2' reached 0.95133 (best 0.95133), saving model to '/home/ddp/nlp/github/paper/mypaper_code/automl/data/california-house-prices/submission/models/MultiModalPredictor/automm_model/epoch=3-step=1231.ckpt' as top 3
Epoch 3, global step 1408: 'val_r2' reached 0.95296 (best 0.95296), saving model to '/home/ddp/nlp/github/paper/mypaper_code/automl/data/california-house-prices/submission/models/MultiModalPredictor/automm_model/epoch=3-step=1408.ckpt' as top 3
Epoch 4, global step 1583: 'val_r2' was not in top 3
Epoch 4, global step 1760: 'val_r2' reached 0.95526 (best 0.95526), saving model to '/home/ddp/nlp/github/paper/mypaper_code/automl/data/california-house-prices/submission/models/MultiModalPredictor/automm_model/epoch=4-step=1760.ckpt' as top 3
Epoch 5, global step 1935: 'val_r2' reached 0.95859 (best 0.95859), saving model to '/home/ddp/nlp/github/paper/mypaper_code/automl/data/california-house-prices/submission/models/MultiModalPredictor/automm_model/epoch=5-step=1935.ckpt' as top 3
Epoch 5, global step 2112: 'val_r2' reached 0.95972 (best 0.95972), saving model to '/home/ddp/nlp/github/paper/mypaper_code/automl/data/california-house-prices/submission/models/MultiModalPredictor/automm_model/epoch=5-step=2112.ckpt' as top 3
Epoch 6, global step 2287: 'val_r2' was not in top 3
Epoch 6, global step 2464: 'val_r2' was not in top 3
Epoch 7, global step 2639: 'val_r2' reached 0.96191 (best 0.96191), saving model to '/home/ddp/nlp/github/paper/mypaper_code/automl/data/california-house-prices/submission/models/MultiModalPredictor/automm_model/epoch=7-step=2639.ckpt' as top 3
Epoch 7, global step 2816: 'val_r2' reached 0.96083 (best 0.96191), saving model to '/home/ddp/nlp/github/paper/mypaper_code/automl/data/california-house-prices/submission/models/MultiModalPredictor/automm_model/epoch=7-step=2816.ckpt' as top 3
Epoch 8, global step 2991: 'val_r2' reached 0.96185 (best 0.96191), saving model to '/home/ddp/nlp/github/paper/mypaper_code/automl/data/california-house-prices/submission/models/MultiModalPredictor/automm_model/epoch=8-step=2991.ckpt' as top 3
Epoch 8, global step 3168: 'val_r2' was not in top 3
Epoch 9, global step 3343: 'val_r2' reached 0.96097 (best 0.96191), saving model to '/home/ddp/nlp/github/paper/mypaper_code/automl/data/california-house-prices/submission/models/MultiModalPredictor/automm_model/epoch=9-step=3343.ckpt' as top 3
Epoch 9, global step 3520: 'val_r2' reached 0.96107 (best 0.96191), saving model to '/home/ddp/nlp/github/paper/mypaper_code/automl/data/california-house-prices/submission/models/MultiModalPredictor/automm_model/epoch=9-step=3520.ckpt' as top 3
`Trainer.fit` stopped: `max_epochs=10` reached.
        0.9621   = Validation score   (r2)
        5537.23s         = Training   runtime
        3.43s    = Validation runtime
Fitting model: WeightedEnsemble_L2 ...
        Ensemble Weights: {'MultiModalPredictor': 0.548, 'CatBoost': 0.19, 'LightGBMXT': 0.167, 'LightGBM': 0.095}
        0.9663   = Validation score   (r2)
        0.22s    = Training   runtime
        0.0s     = Validation runtime
AutoGluon training complete, total runtime = 6318.19s ... Best model: "WeightedEnsemble_L2"
TabularPredictor saved. To load, use: predictor = TabularPredictor.load("/home/ddp/nlp/github/paper/mypaper_code/automl/data/california-house-prices/submission")
Load pretrained checkpoint: /home/ddp/nlp/github/paper/mypaper_code/automl/data/california-house-prices/submission/models/MultiModalPredictor/automm_model/model.ckpt