   preg   plas  pres  skin   insu  mass   pedi   age  target
0   2.0   84.0   0.0   0.0    0.0   0.0  0.304  21.0       0
1   9.0  112.0  82.0  24.0    0.0  28.2  1.282  50.0       1
2   1.0  139.0  46.0  19.0   83.0  28.7  0.654  22.0       0
3   0.0  161.0  50.0   0.0    0.0  21.9  0.254  65.0       0
4   6.0  134.0  80.0  37.0  370.0  46.2  0.238  46.0       1
count    614.000000
mean       0.346906
std        0.476373
min        0.000000
25%        0.000000
50%        0.000000
75%        1.000000
max        1.000000
Name: target, dtype: float64
0    1
1    0
2    0
3    0
4    0
Name: target, dtype: int64
{'root_mean_squared_error': -0.5222329678670935, 'accuracy': 0.7272727272727273, 'balanced_accuracy': 0.6707070707070707, 'mcc': 0.37618305065572016, 'roc_auc': 0.7731864095500458, 'f1': 0.553191489361702, 'precision': 0.6666666666666666, 'recall': 0.4727272727272727}
