   fixed_acidity  volatile_acidity  citric_acid  ...  sulphates  alcohol  target
0            7.3              0.17         0.36  ...       0.41     12.4       6
1            6.3              0.25         0.44  ...       0.52      9.5       5
2            5.6              0.32         0.33  ...       0.49     11.1       6
3            6.9              0.19         0.35  ...       0.54     10.8       7
4            7.7              0.30         0.26  ...       0.50     10.4       5

[5 rows x 12 columns]
count    3918.000000
mean        5.871363
std         0.886913
min         3.000000
25%         5.000000
50%         6.000000
75%         6.000000
max         9.000000
Name: target, dtype: float64
0    7
1    8
2    7
3    6
4    7
Name: target, dtype: int64
{'root_mean_squared_error': -0.6348710298082564, 'accuracy': 0.7061224489795919, 'balanced_accuracy': 0.46945329119620366, 'mcc': 0.5527231725065884}
